2024-10-10 10:22:59.873 [main] DEBUG fichero.Fichero - Introduce por consola la ruta deseada: 
2024-10-10 10:23:01.857 [main] DEBUG fichero.Fichero - Numero de Ficheros: 3
2024-10-10 10:23:01.858 [main] DEBUG fichero.Fichero - miArchivo.txt, tamaño: 499223883776, absoluta: C:\Users\EQUIPO\AndroidStudioProjects\miDirectorio\miArchivo.txt, relativa: C:\Users\EQUIPO\AndroidStudioProjects\miDirectorio\miArchivo.txt
2024-10-10 10:23:01.860 [main] DEBUG fichero.Fichero - personas.csv, tamaño: 499223883776, absoluta: C:\Users\EQUIPO\AndroidStudioProjects\miDirectorio\personas.csv, relativa: C:\Users\EQUIPO\AndroidStudioProjects\miDirectorio\personas.csv
2024-10-10 10:23:01.860 [main] DEBUG fichero.Fichero - personas.txt, tamaño: 499223883776, absoluta: C:\Users\EQUIPO\AndroidStudioProjects\miDirectorio\personas.txt, relativa: C:\Users\EQUIPO\AndroidStudioProjects\miDirectorio\personas.txt
2024-10-10 10:23:01.861 [main] DEBUG fichero.Fichero - Numero de archivos: 3
2024-10-10 10:23:01.861 [main] DEBUG fichero.Fichero - Numero de archivos: 4
2024-10-10 10:23:01.862 [main] DEBUG fichero.Fichero - Archivo creado: C:\Users\EQUIPO\AndroidStudioProjects\miDirectorio\miDirectorio\miArchivo.txt
2024-10-10 10:23:01.862 [main] DEBUG fichero.Fichero - Directorio: C:\Users\EQUIPO\AndroidStudioProjects\miDirectorio
2024-10-10 10:23:01.863 [main] DEBUG fichero.Fichero - Fichero C:\Users\EQUIPO\AndroidStudioProjects\miDirectorio\miArchivo.txt
2024-10-10 10:23:01.863 [main] DEBUG fichero.Fichero - Directorio: C:\Users\EQUIPO\AndroidStudioProjects\miDirectorio\miDirectorio
2024-10-10 10:23:01.863 [main] DEBUG fichero.Fichero - Fichero C:\Users\EQUIPO\AndroidStudioProjects\miDirectorio\miDirectorio\miArchivo.txt
2024-10-10 10:23:01.863 [main] DEBUG fichero.Fichero - Fichero C:\Users\EQUIPO\AndroidStudioProjects\miDirectorio\personas.csv
2024-10-10 10:23:01.863 [main] DEBUG fichero.Fichero - Fichero C:\Users\EQUIPO\AndroidStudioProjects\miDirectorio\personas.txt
2024-10-10 10:23:57.371 [main] DEBUG fichero.Fichero - Introduce por consola la ruta deseada: 
2024-10-10 10:24:18.295 [main] DEBUG fichero.Fichero - Introduce por consola la ruta deseada: 
2024-10-10 10:24:19.912 [main] DEBUG fichero.Fichero - Numero de Ficheros: 3
2024-10-10 10:24:19.913 [main] DEBUG fichero.Fichero - miArchivo.txt, tamaño: 499223883776, absoluta: C:\Users\EQUIPO\AndroidStudioProjects\miDirectorio\miArchivo.txt, relativa: C:\Users\EQUIPO\AndroidStudioProjects\miDirectorio\miArchivo.txt
2024-10-10 10:24:19.913 [main] DEBUG fichero.Fichero - personas.csv, tamaño: 499223883776, absoluta: C:\Users\EQUIPO\AndroidStudioProjects\miDirectorio\personas.csv, relativa: C:\Users\EQUIPO\AndroidStudioProjects\miDirectorio\personas.csv
2024-10-10 10:24:19.914 [main] DEBUG fichero.Fichero - personas.txt, tamaño: 499223883776, absoluta: C:\Users\EQUIPO\AndroidStudioProjects\miDirectorio\personas.txt, relativa: C:\Users\EQUIPO\AndroidStudioProjects\miDirectorio\personas.txt
