2024-10-11 14:59:30.952 [main] DEBUG controller.GestionaDiarioCriaturas - repositories.Diario@4efc180e
2024-10-11 15:00:57.787 [main] DEBUG controller.GestionaDiarioCriaturas - Diario [criaturas={2013-11-23=Criatura [nombre=Unicornio, tipo=BESTIA, inmortal=false, magia=23, peligrosidad=12]}]
2024-10-11 18:38:21.787 [main] DEBUG controller.GestionaDiarioCriaturas - Diario [criaturas={2013-11-23=Criatura [nombre=Unicornio, tipo=BESTIA, inmortal=false, magia=23, peligrosidad=12]}]
2024-10-11 18:39:29.660 [main] DEBUG controller.GestionaDiarioCriaturas - Diario [criaturas={2013-11-23=Criatura [nombre=Unicornio, tipo=BESTIA, inmortal=false, magia=23, peligrosidad=12]}]
2024-10-11 18:39:29.663 [main] DEBUG controller.GestionaDiarioCriaturas - Diario [criaturas={}]
2024-10-11 18:41:43.096 [main] DEBUG controller.GestionaDiarioCriaturas - Diario [criaturas={2013-11-23=Criatura [nombre=Unicornio, tipo=BESTIA, inmortal=false, magia=23, peligrosidad=12]}]
2024-10-11 18:41:43.099 [main] DEBUG controller.GestionaDiarioCriaturas - Diario [criaturas={}]
2024-10-11 18:41:43.099 [main] DEBUG controller.GestionaDiarioCriaturas - Diario [criaturas={}]
2024-10-11 18:44:04.978 [main] DEBUG controller.GestionaDiarioCriaturas - Diario [criaturas={2013-11-23=Criatura [nombre=Unicornio, tipo=BESTIA, inmortal=false, magia=23, peligrosidad=12]}]
2024-10-11 18:44:04.980 [main] DEBUG controller.GestionaDiarioCriaturas - Diario [criaturas={}]
2024-10-11 18:44:04.980 [main] DEBUG controller.GestionaDiarioCriaturas - Diario [criaturas={2013-11-23=Criatura [nombre=Unicornio, tipo=BESTIA, inmortal=false, magia=23, peligrosidad=12]}]
2024-10-11 18:44:04.981 [main] DEBUG controller.GestionaDiarioCriaturas - Diario [criaturas={}]
2024-10-11 19:31:13.388 [main] DEBUG controller.GestionaDiarioCriaturas - Diario [criaturas={2013-11-23=Criatura [nombre=Unicornio, tipo=BESTIA, inmortal=false, magia=23, peligrosidad=12]}]
2024-10-11 19:31:13.391 [main] DEBUG controller.GestionaDiarioCriaturas - Diario [criaturas={}]
2024-10-11 19:31:13.391 [main] DEBUG controller.GestionaDiarioCriaturas - Diario [criaturas={2013-11-23=Criatura [nombre=Unicornio, tipo=BESTIA, inmortal=false, magia=23, peligrosidad=12]}]
2024-10-11 19:31:13.391 [main] DEBUG controller.GestionaDiarioCriaturas - Diario [criaturas={}]
2024-10-11 19:31:13.391 [main] DEBUG controller.GestionaDiarioCriaturas - ----------------------------
2024-10-11 19:31:13.403 [main] DEBUG controller.GestionaDiarioCriaturas - []
2024-10-11 19:32:11.648 [main] DEBUG controller.GestionaDiarioCriaturas - Diario [criaturas={2013-11-23=Criatura [nombre=Unicornio, tipo=BESTIA, inmortal=false, magia=23, peligrosidad=12]}]
2024-10-11 19:32:11.650 [main] DEBUG controller.GestionaDiarioCriaturas - Diario [criaturas={}]
2024-10-11 19:32:11.650 [main] DEBUG controller.GestionaDiarioCriaturas - Diario [criaturas={2013-11-23=Criatura [nombre=Unicornio, tipo=BESTIA, inmortal=false, magia=23, peligrosidad=12]}]
2024-10-11 19:32:11.651 [main] DEBUG controller.GestionaDiarioCriaturas - Diario [criaturas={}]
2024-10-11 19:32:11.651 [main] DEBUG controller.GestionaDiarioCriaturas - ----------------------------
2024-10-11 19:32:11.652 [main] DEBUG controller.GestionaDiarioCriaturas - []
2024-10-11 19:39:49.847 [main] DEBUG controller.GestionaDiarioCriaturas - Diario [criaturas={2013-11-23=Criatura [nombre=Unicornio, tipo=BESTIA, inmortal=false, magia=23, peligrosidad=12]}]
2024-10-11 19:39:49.849 [main] DEBUG controller.GestionaDiarioCriaturas - Diario [criaturas={}]
2024-10-11 19:39:49.849 [main] DEBUG controller.GestionaDiarioCriaturas - Diario [criaturas={2013-11-23=Criatura [nombre=Unicornio, tipo=BESTIA, inmortal=false, magia=23, peligrosidad=12]}]
2024-10-11 19:39:49.849 [main] DEBUG controller.GestionaDiarioCriaturas - Diario [criaturas={}]
2024-10-11 19:39:49.850 [main] DEBUG controller.GestionaDiarioCriaturas - ----------------------------
2024-10-11 19:39:49.850 [main] DEBUG controller.GestionaDiarioCriaturas - []
2024-10-11 19:41:28.037 [main] DEBUG controller.GestionaDiarioCriaturas - Diario [criaturas={2013-11-23=Criatura [nombre=Unicornio, tipo=BESTIA, inmortal=false, magia=23, peligrosidad=12]}]
2024-10-11 19:41:28.039 [main] DEBUG controller.GestionaDiarioCriaturas - Diario [criaturas={}]
2024-10-11 19:41:28.039 [main] DEBUG controller.GestionaDiarioCriaturas - Diario [criaturas={2013-11-23=Criatura [nombre=Unicornio, tipo=BESTIA, inmortal=false, magia=23, peligrosidad=12]}]
2024-10-11 19:41:28.039 [main] DEBUG controller.GestionaDiarioCriaturas - Diario [criaturas={}]
2024-10-11 19:41:28.040 [main] DEBUG controller.GestionaDiarioCriaturas - ----------------------------
2024-10-11 19:41:28.040 [main] DEBUG controller.GestionaDiarioCriaturas - []
2024-10-11 19:46:18.756 [main] DEBUG controller.GestionaDiarioCriaturas - Diario [criaturas={2013-11-23=Criatura [nombre=Unicornio, tipo=BESTIA, inmortal=false, magia=23, peligrosidad=12]}]
2024-10-11 19:46:18.759 [main] DEBUG controller.GestionaDiarioCriaturas - Diario [criaturas={}]
2024-10-11 19:46:18.759 [main] DEBUG controller.GestionaDiarioCriaturas - Diario [criaturas={2013-11-23=Criatura [nombre=Unicornio, tipo=BESTIA, inmortal=false, magia=23, peligrosidad=12]}]
2024-10-11 19:46:18.759 [main] DEBUG controller.GestionaDiarioCriaturas - Diario [criaturas={}]
2024-10-11 19:46:18.759 [main] DEBUG controller.GestionaDiarioCriaturas - ----------------------------
2024-10-11 19:46:18.760 [main] DEBUG controller.GestionaDiarioCriaturas - [Criatura [nombre=Unicornio, tipo=BESTIA, inmortal=false, magia=23, peligrosidad=12], Criatura [nombre=Centauro, tipo=BESTIA, inmortal=true, magia=63, peligrosidad=100]]
2024-10-11 20:10:47.816 [main] DEBUG controller.GestionaDiarioCriaturas - Diario [criaturas={2013-11-23=Criatura [nombre=Unicornio, tipo=BESTIA, inmortal=false, magia=23, peligrosidad=12]}]
2024-10-11 20:10:47.819 [main] DEBUG controller.GestionaDiarioCriaturas - Diario [criaturas={}]
2024-10-11 20:10:47.819 [main] DEBUG controller.GestionaDiarioCriaturas - Diario [criaturas={2013-11-23=Criatura [nombre=Unicornio, tipo=BESTIA, inmortal=false, magia=23, peligrosidad=12]}]
2024-10-11 20:10:47.819 [main] DEBUG controller.GestionaDiarioCriaturas - Diario [criaturas={}]
2024-10-11 20:10:47.819 [main] DEBUG controller.GestionaDiarioCriaturas - ----------------------------
2024-10-11 20:11:24.349 [main] DEBUG controller.GestionaDiarioCriaturas - Diario [criaturas={2013-11-23=Criatura [nombre=Unicornio, tipo=BESTIA, inmortal=false, magia=23, peligrosidad=12]}]
2024-10-11 20:11:24.351 [main] DEBUG controller.GestionaDiarioCriaturas - Diario [criaturas={}]
2024-10-11 20:11:24.352 [main] DEBUG controller.GestionaDiarioCriaturas - Diario [criaturas={2013-11-23=Criatura [nombre=Unicornio, tipo=BESTIA, inmortal=false, magia=23, peligrosidad=12]}]
2024-10-11 20:11:24.352 [main] DEBUG controller.GestionaDiarioCriaturas - Diario [criaturas={}]
2024-10-11 20:11:24.352 [main] DEBUG controller.GestionaDiarioCriaturas - ----------------------------
2024-10-11 20:13:14.445 [main] DEBUG controller.GestionaDiarioCriaturas - Diario [criaturas={2013-11-23=Criatura [nombre=Unicornio, tipo=BESTIA, inmortal=false, magia=23, peligrosidad=12]}]
2024-10-11 20:13:14.448 [main] DEBUG controller.GestionaDiarioCriaturas - Diario [criaturas={}]
2024-10-11 20:13:14.448 [main] DEBUG controller.GestionaDiarioCriaturas - Diario [criaturas={2013-11-23=Criatura [nombre=Unicornio, tipo=BESTIA, inmortal=false, magia=23, peligrosidad=12]}]
2024-10-11 20:13:14.449 [main] DEBUG controller.GestionaDiarioCriaturas - Diario [criaturas={}]
2024-10-11 20:13:14.449 [main] DEBUG controller.GestionaDiarioCriaturas - ----------------------------
2024-10-11 20:13:14.449 [main] DEBUG controller.GestionaDiarioCriaturas - [Criatura [nombre=Unicornio, tipo=BESTIA, inmortal=false, magia=23, peligrosidad=12], Criatura [nombre=Centauro, tipo=BESTIA, inmortal=true, magia=63, peligrosidad=100]]
2024-10-11 20:16:04.336 [main] DEBUG controller.GestionaDiarioCriaturas - Diario [criaturas={2013-11-23=Criatura [nombre=Unicornio, tipo=BESTIA, inmortal=false, magia=23, peligrosidad=12]}]
2024-10-11 20:16:04.339 [main] DEBUG controller.GestionaDiarioCriaturas - Diario [criaturas={}]
2024-10-11 20:16:04.339 [main] DEBUG controller.GestionaDiarioCriaturas - Diario [criaturas={2013-11-23=Criatura [nombre=Unicornio, tipo=BESTIA, inmortal=false, magia=23, peligrosidad=12]}]
2024-10-11 20:16:04.339 [main] DEBUG controller.GestionaDiarioCriaturas - Diario [criaturas={}]
2024-10-11 20:16:04.339 [main] DEBUG controller.GestionaDiarioCriaturas - ----------------------------
2024-10-11 20:16:04.339 [main] DEBUG controller.GestionaDiarioCriaturas - [Criatura [nombre=Unicornio, tipo=BESTIA, inmortal=false, magia=23, peligrosidad=12], Criatura [nombre=Centauro, tipo=BESTIA, inmortal=true, magia=63, peligrosidad=100]]
2024-10-11 20:16:04.340 [main] DEBUG controller.GestionaDiarioCriaturas - Criatura [nombre=Medusa, tipo=SER, inmortal=true, magia=98, peligrosidad=99]
2024-10-11 20:23:46.589 [main] DEBUG controller.GestionaDiarioCriaturas - Diario [criaturas={2013-11-23=Criatura [nombre=Unicornio, tipo=BESTIA, inmortal=false, magia=23, peligrosidad=12]}]
2024-10-11 20:23:46.591 [main] DEBUG controller.GestionaDiarioCriaturas - Diario [criaturas={}]
2024-10-11 20:23:46.592 [main] DEBUG controller.GestionaDiarioCriaturas - Diario [criaturas={2013-11-23=Criatura [nombre=Unicornio, tipo=BESTIA, inmortal=false, magia=23, peligrosidad=12]}]
2024-10-11 20:23:46.592 [main] DEBUG controller.GestionaDiarioCriaturas - Diario [criaturas={}]
2024-10-11 20:23:46.592 [main] DEBUG controller.GestionaDiarioCriaturas - ----------------------------
2024-10-11 20:23:46.593 [main] DEBUG controller.GestionaDiarioCriaturas - [Criatura [nombre=Unicornio, tipo=BESTIA, inmortal=false, magia=23, peligrosidad=12], Criatura [nombre=Centauro, tipo=BESTIA, inmortal=true, magia=63, peligrosidad=100]]
2024-10-11 20:25:43.659 [main] DEBUG controller.GestionaDiarioCriaturas - Diario [criaturas={2013-11-23=Criatura [nombre=Unicornio, tipo=BESTIA, inmortal=false, magia=23, peligrosidad=12]}]
2024-10-11 20:25:43.661 [main] DEBUG controller.GestionaDiarioCriaturas - Diario [criaturas={}]
2024-10-11 20:25:43.662 [main] DEBUG controller.GestionaDiarioCriaturas - Diario [criaturas={2013-11-23=Criatura [nombre=Unicornio, tipo=BESTIA, inmortal=false, magia=23, peligrosidad=12]}]
2024-10-11 20:25:43.662 [main] DEBUG controller.GestionaDiarioCriaturas - Diario [criaturas={}]
2024-10-11 20:25:43.662 [main] DEBUG controller.GestionaDiarioCriaturas - ----------------------------
2024-10-11 20:25:43.662 [main] DEBUG controller.GestionaDiarioCriaturas - [Criatura [nombre=Unicornio, tipo=BESTIA, inmortal=false, magia=23, peligrosidad=12], Criatura [nombre=Centauro, tipo=BESTIA, inmortal=true, magia=63, peligrosidad=100]]
2024-10-11 20:27:51.373 [main] DEBUG controller.GestionaDiarioCriaturas - Diario [criaturas={2013-11-23=Criatura [nombre=Unicornio, tipo=BESTIA, inmortal=false, magia=23, peligrosidad=12]}]
2024-10-11 20:27:51.376 [main] DEBUG controller.GestionaDiarioCriaturas - Diario [criaturas={}]
2024-10-11 20:27:51.376 [main] DEBUG controller.GestionaDiarioCriaturas - Diario [criaturas={2013-11-23=Criatura [nombre=Unicornio, tipo=BESTIA, inmortal=false, magia=23, peligrosidad=12]}]
2024-10-11 20:27:51.376 [main] DEBUG controller.GestionaDiarioCriaturas - Diario [criaturas={}]
2024-10-11 20:27:51.376 [main] DEBUG controller.GestionaDiarioCriaturas - ----------------------------
2024-10-11 20:27:51.377 [main] DEBUG controller.GestionaDiarioCriaturas - [Criatura [nombre=Unicornio, tipo=BESTIA, inmortal=false, magia=23, peligrosidad=12], Criatura [nombre=Centauro, tipo=BESTIA, inmortal=true, magia=63, peligrosidad=100]]
2024-10-11 20:27:51.377 [main] DEBUG controller.GestionaDiarioCriaturas - Criatura [nombre=Medusa, tipo=SER, inmortal=true, magia=98, peligrosidad=99]
2024-10-11 20:28:48.227 [main] DEBUG controller.GestionaDiarioCriaturas - Diario [criaturas={2013-11-23=Criatura [nombre=Unicornio, tipo=BESTIA, inmortal=false, magia=23, peligrosidad=12]}]
2024-10-11 20:28:48.230 [main] DEBUG controller.GestionaDiarioCriaturas - Diario [criaturas={}]
2024-10-11 20:28:48.230 [main] DEBUG controller.GestionaDiarioCriaturas - Diario [criaturas={2013-11-23=Criatura [nombre=Unicornio, tipo=BESTIA, inmortal=false, magia=23, peligrosidad=12]}]
2024-10-11 20:28:48.230 [main] DEBUG controller.GestionaDiarioCriaturas - Diario [criaturas={}]
2024-10-11 20:28:48.230 [main] DEBUG controller.GestionaDiarioCriaturas - ----------------------------
2024-10-11 20:28:48.231 [main] DEBUG controller.GestionaDiarioCriaturas - [Criatura [nombre=Unicornio, tipo=BESTIA, inmortal=false, magia=23, peligrosidad=12], Criatura [nombre=Centauro, tipo=BESTIA, inmortal=true, magia=63, peligrosidad=100]]
2024-10-11 20:28:48.231 [main] DEBUG controller.GestionaDiarioCriaturas - Criatura [nombre=Medusa, tipo=SER, inmortal=true, magia=98, peligrosidad=99]
2024-10-11 20:28:48.231 [main] DEBUG controller.GestionaDiarioCriaturas - -------------FICHEROS-----------
