2024-10-07 09:36:37.528 [main] ERROR services.ManejaFicherosPersonas - Excepción al acceder al fichero: C:\Users\EQUIPO\eclipse-workspace\LeerFicheros\src\main\resources\personas.txtpersonas.txt
2024-10-07 09:37:01.374 [main] ERROR services.ManejaFicherosPersonas - Excepción al acceder al fichero: C:\Users\EQUIPO\eclipse-workspace\LeerFicheros\src\main\resourcespersonas.txt
2024-10-07 09:37:25.106 [main] ERROR services.ManejaFicherosPersonas - Excepción al acceder al fichero: C:\Users\EQUIPO\eclipse-workspace\LeerFicheros\src\main\resourcespersonas.txt: C:\Users\EQUIPO\eclipse-workspace\LeerFicheros\src\main\resourcespersonas.txt (El sistema no puede encontrar el archivo especificado)
2024-10-07 09:37:37.810 [main] DEBUG services.ManejaFicherosPersonas - models.Persona@56cd6a97
2024-10-07 09:37:37.812 [main] DEBUG services.ManejaFicherosPersonas - models.Persona@d53b1177
2024-10-07 09:37:37.812 [main] DEBUG services.ManejaFicherosPersonas - models.Persona@340206dc
2024-10-07 09:40:23.834 [main] DEBUG services.ManejaFicherosPersonas - Persona [nombre=Pepe, notas=[1.0, 3.5, 7.7]]
2024-10-07 09:40:23.836 [main] DEBUG services.ManejaFicherosPersonas - Persona [nombre=Marcos, notas=[2.0]]
2024-10-07 09:40:23.836 [main] DEBUG services.ManejaFicherosPersonas - Persona [nombre=Candela, notas=[10.0, 11.1]]
2024-10-07 09:44:13.973 [main] ERROR services.ManejaFicherosPersonas - Excepción al acceder al fichero: C:\Users\EQUIPO\Pictures\Screenshotspersonas.txt: C:\Users\EQUIPO\Pictures\Screenshotspersonas.txt (El sistema no puede encontrar el archivo especificado)
2024-10-07 09:44:54.912 [main] DEBUG services.ManejaFicherosPersonas - Persona [nombre=Pepe, notas=[1.0, 3.5, 7.7]]
2024-10-07 09:44:54.913 [main] DEBUG services.ManejaFicherosPersonas - Persona [nombre=Marcos, notas=[2.0]]
2024-10-07 09:44:54.913 [main] DEBUG services.ManejaFicherosPersonas - Persona [nombre=Candela, notas=[10.0, 11.1]]
2024-10-07 09:52:56.556 [main] DEBUG services.ManejaFicherosPersonas - Persona [nombre=Pepe 1.0 3.5 7.7, notas=[]]
2024-10-07 09:52:56.557 [main] DEBUG services.ManejaFicherosPersonas - Persona [nombre=Marcos 2, notas=[]]
2024-10-07 09:52:56.557 [main] DEBUG services.ManejaFicherosPersonas - Persona [nombre=Candela 10.0 11.1, notas=[]]
2024-10-07 09:54:44.828 [main] DEBUG services.ManejaFicherosPersonas - Persona [nombre=Pepe 1.0 3.5 7.7, notas=[]]
2024-10-07 09:54:44.829 [main] DEBUG services.ManejaFicherosPersonas - Persona [nombre=Marcos 2, notas=[]]
2024-10-07 09:54:44.830 [main] DEBUG services.ManejaFicherosPersonas - Persona [nombre=Candela 10.0 11.1, notas=[]]
2024-10-07 19:26:28.864 [main] ERROR services.ManejaFicherosPersonas - Excepción al acceder al fichero: C:\Users\EQUIPO\eclipse-workspace\LeerFicheros\src\main\resources\personas.txt: C:\Users\EQUIPO\eclipse-workspace\LeerFicheros\src\main\resources\personas.txt (El sistema no puede encontrar la ruta especificada)
2024-10-07 19:28:53.432 [main] DEBUG services.ManejaFicherosPersonas - Persona [nombre=Pepe 1.0 3.5 7.7, notas=[]]
2024-10-07 19:28:53.434 [main] DEBUG services.ManejaFicherosPersonas - Persona [nombre=Marcos 2, notas=[]]
2024-10-07 19:28:53.435 [main] DEBUG services.ManejaFicherosPersonas - Persona [nombre=Candela 10.0 11.1, notas=[]]
2024-10-07 19:42:29.736 [main] DEBUG services.ManejaFicherosPersonas - Persona [nombre=Pepe 1.0 3.5 7.7, notas=[]]
2024-10-07 19:42:29.739 [main] DEBUG services.ManejaFicherosPersonas - Persona [nombre=Marcos 2, notas=[]]
2024-10-07 19:42:29.739 [main] DEBUG services.ManejaFicherosPersonas - Persona [nombre=Candela 10.0 11.1, notas=[]]
2024-10-07 19:42:42.745 [main] DEBUG services.ManejaFicherosPersonas - Persona [nombre=Pepe 1.0 3.5 7.7, notas=[]]
2024-10-07 19:42:42.747 [main] DEBUG services.ManejaFicherosPersonas - Persona [nombre=Marcos 2, notas=[]]
2024-10-07 19:42:42.747 [main] DEBUG services.ManejaFicherosPersonas - Persona [nombre=Candela 10.0 11.1, notas=[]]
2024-10-07 19:42:42.750 [main] DEBUG services.ManejaFicherosPersonas - Persona [nombre=Pepe 1.0 3.5 7.7, notas=[]]
2024-10-07 19:42:42.751 [main] DEBUG services.ManejaFicherosPersonas - Persona [nombre=Marcos 2, notas=[]]
2024-10-07 19:42:42.751 [main] DEBUG services.ManejaFicherosPersonas - Persona [nombre=Candela 10.0 11.1, notas=[]]
2024-10-07 19:42:42.751 [main] DEBUG services.ManejaFicherosPersonas - Persona [nombre=Pepe, notas=[]]
2024-10-07 19:42:42.751 [main] DEBUG services.ManejaFicherosPersonas - Persona [nombre= 1.0, notas=[]]
2024-10-07 19:42:42.751 [main] DEBUG services.ManejaFicherosPersonas - Persona [nombre= 3.5, notas=[]]
2024-10-07 19:42:42.751 [main] DEBUG services.ManejaFicherosPersonas - Persona [nombre= 7.7
Marcos, notas=[]]
2024-10-07 19:42:42.751 [main] DEBUG services.ManejaFicherosPersonas - Persona [nombre= 2
Candela, notas=[]]
2024-10-07 19:42:42.752 [main] DEBUG services.ManejaFicherosPersonas - Persona [nombre= 10.0, notas=[]]
2024-10-07 19:42:42.752 [main] DEBUG services.ManejaFicherosPersonas - Persona [nombre= 8.1, notas=[]]
2024-10-07 19:42:58.747 [main] DEBUG services.ManejaFicherosPersonas - Persona [nombre=Pepe 1.0 3.5 7.7, notas=[]]
2024-10-07 19:42:58.749 [main] DEBUG services.ManejaFicherosPersonas - Persona [nombre=Marcos 2, notas=[]]
2024-10-07 19:42:58.749 [main] DEBUG services.ManejaFicherosPersonas - Persona [nombre=Candela 10.0 11.1, notas=[]]
2024-10-07 19:43:07.893 [main] DEBUG services.ManejaFicherosPersonas - Persona [nombre=Pepe 1.0 3.5 7.7, notas=[]]
2024-10-07 19:43:07.895 [main] DEBUG services.ManejaFicherosPersonas - Persona [nombre=Marcos 2, notas=[]]
2024-10-07 19:43:07.895 [main] DEBUG services.ManejaFicherosPersonas - Persona [nombre=Candela 10.0 11.1, notas=[]]
2024-10-07 19:43:07.898 [main] DEBUG services.ManejaFicherosPersonas - Persona [nombre=Pepe 1.0 3.5 7.7, notas=[]]
2024-10-07 19:43:07.898 [main] DEBUG services.ManejaFicherosPersonas - Persona [nombre=Marcos 2, notas=[]]
2024-10-07 19:43:07.898 [main] DEBUG services.ManejaFicherosPersonas - Persona [nombre=Candela 10.0 11.1, notas=[]]
2024-10-07 19:43:07.898 [main] DEBUG services.ManejaFicherosPersonas - Persona [nombre=Pepe, notas=[]]
2024-10-07 19:43:07.899 [main] DEBUG services.ManejaFicherosPersonas - Persona [nombre= 1.0, notas=[]]
2024-10-07 19:43:07.899 [main] DEBUG services.ManejaFicherosPersonas - Persona [nombre= 3.5, notas=[]]
2024-10-07 19:43:07.899 [main] DEBUG services.ManejaFicherosPersonas - Persona [nombre= 7.7
Marcos, notas=[]]
2024-10-07 19:43:07.899 [main] DEBUG services.ManejaFicherosPersonas - Persona [nombre= 2
Candela, notas=[]]
2024-10-07 19:43:07.899 [main] DEBUG services.ManejaFicherosPersonas - Persona [nombre= 10.0, notas=[]]
2024-10-07 19:43:07.899 [main] DEBUG services.ManejaFicherosPersonas - Persona [nombre= 8.1, notas=[]]
2024-10-07 19:45:58.267 [main] DEBUG services.ManejaFicherosPersonas - Persona [nombre=Pepe 1.0 3.5 7.7, notas=[]]
2024-10-07 19:45:58.269 [main] DEBUG services.ManejaFicherosPersonas - Persona [nombre=Marcos 2, notas=[]]
2024-10-07 19:45:58.269 [main] DEBUG services.ManejaFicherosPersonas - Persona [nombre=Candela 10.0 11.1, notas=[]]
2024-10-07 19:45:58.272 [main] DEBUG services.ManejaFicherosPersonas - Persona [nombre=Pepe 1.0 3.5 7.7, notas=[]]
2024-10-07 19:45:58.273 [main] DEBUG services.ManejaFicherosPersonas - Persona [nombre=Marcos 2, notas=[]]
2024-10-07 19:45:58.273 [main] DEBUG services.ManejaFicherosPersonas - Persona [nombre=Candela 10.0 11.1, notas=[]]
2024-10-07 19:45:58.273 [main] DEBUG services.ManejaFicherosPersonas - Persona [nombre=Pepe, 1.0, 3.5, 7.7, notas=[]]
2024-10-07 19:45:58.273 [main] DEBUG services.ManejaFicherosPersonas - Persona [nombre=Marcos, 2, notas=[]]
2024-10-07 19:45:58.273 [main] DEBUG services.ManejaFicherosPersonas - Persona [nombre=Candela, 10.0, 8.1, notas=[]]
2024-10-07 19:48:34.049 [main] DEBUG services.ManejaFicherosPersonas - Persona [nombre=Pepe 1.0 3.5 7.7, notas=[]]
2024-10-07 19:48:34.053 [main] DEBUG services.ManejaFicherosPersonas - Persona [nombre=Marcos 2, notas=[]]
2024-10-07 19:48:34.053 [main] DEBUG services.ManejaFicherosPersonas - Persona [nombre=Candela 10.0 11.1, notas=[]]
2024-10-07 19:48:34.057 [main] DEBUG services.ManejaFicherosPersonas - Persona [nombre=Pepe 1.0 3.5 7.7, notas=[]]
2024-10-07 19:48:34.057 [main] DEBUG services.ManejaFicherosPersonas - Persona [nombre=Marcos 2, notas=[]]
2024-10-07 19:48:34.057 [main] DEBUG services.ManejaFicherosPersonas - Persona [nombre=Candela 10.0 11.1, notas=[]]
2024-10-07 19:48:34.057 [main] DEBUG services.ManejaFicherosPersonas - Persona [nombre=Pepe, 1.0, 3.5, 7.7, notas=[]]
2024-10-07 19:48:34.057 [main] DEBUG services.ManejaFicherosPersonas - Persona [nombre=Marcos, 2, notas=[]]
2024-10-07 19:48:34.057 [main] DEBUG services.ManejaFicherosPersonas - Persona [nombre=Candela, 10.0, 8.1, notas=[]]
2024-10-07 19:50:53.482 [main] DEBUG services.ManejaFicherosPersonas - Persona [nombre=Pepe, notas=[1.0, 3.5, 7.7]]
2024-10-07 19:50:53.485 [main] DEBUG services.ManejaFicherosPersonas - Persona [nombre=Marcos, notas=[2.0]]
2024-10-07 19:50:53.485 [main] DEBUG services.ManejaFicherosPersonas - Persona [nombre=Candela, notas=[10.0, 11.1]]
2024-10-07 19:50:53.488 [main] DEBUG services.ManejaFicherosPersonas - Persona [nombre=Pepe, notas=[1.0, 3.5, 7.7]]
2024-10-07 19:50:53.488 [main] DEBUG services.ManejaFicherosPersonas - Persona [nombre=Marcos, notas=[2.0]]
2024-10-07 19:50:53.488 [main] DEBUG services.ManejaFicherosPersonas - Persona [nombre=Candela, notas=[10.0, 11.1]]
2024-10-07 19:50:53.489 [main] DEBUG services.ManejaFicherosPersonas - Persona [nombre=Pepe, 1.0, 3.5, 7.7, notas=[]]
2024-10-07 19:50:53.489 [main] DEBUG services.ManejaFicherosPersonas - Persona [nombre=Marcos, 2, notas=[]]
2024-10-07 19:50:53.489 [main] DEBUG services.ManejaFicherosPersonas - Persona [nombre=Candela, 10.0, 8.1, notas=[]]
2024-10-07 19:51:49.587 [main] DEBUG services.ManejaFicherosPersonas - Persona [nombre=Pepe, notas=[1.0, 3.5, 7.7]]
2024-10-07 19:51:49.590 [main] DEBUG services.ManejaFicherosPersonas - Persona [nombre=Marcos, notas=[2.0]]
2024-10-07 19:51:49.590 [main] DEBUG services.ManejaFicherosPersonas - Persona [nombre=Candela, notas=[10.0, 11.1]]
2024-10-07 19:51:49.594 [main] DEBUG services.ManejaFicherosPersonas - Persona [nombre=Pepe, notas=[1.0, 3.5, 7.7]]
2024-10-07 19:51:49.594 [main] DEBUG services.ManejaFicherosPersonas - Persona [nombre=Marcos, notas=[2.0]]
2024-10-07 19:51:49.594 [main] DEBUG services.ManejaFicherosPersonas - Persona [nombre=Candela, notas=[10.0, 11.1]]
2024-10-07 19:51:49.594 [main] DEBUG services.ManejaFicherosPersonas - Persona [nombre=Pepe, 1.0, 3.5, 7.7, notas=[]]
2024-10-07 19:51:49.594 [main] DEBUG services.ManejaFicherosPersonas - Persona [nombre=Marcos, 2, notas=[]]
2024-10-07 19:51:49.594 [main] DEBUG services.ManejaFicherosPersonas - Persona [nombre=Candela, 10.0, 8.1, notas=[]]
2024-10-07 19:54:02.115 [main] DEBUG services.ManejaFicherosPersonas - Persona [nombre=Pepe, notas=[1.0, 3.5, 7.7]]
2024-10-07 19:54:02.117 [main] DEBUG services.ManejaFicherosPersonas - Persona [nombre=Marcos, notas=[2.0]]
2024-10-07 19:54:02.117 [main] DEBUG services.ManejaFicherosPersonas - Persona [nombre=Candela, notas=[10.0, 11.1]]
2024-10-07 19:54:02.120 [main] DEBUG services.ManejaFicherosPersonas - Persona [nombre=Pepe, notas=[1.0, 3.5, 7.7]]
2024-10-07 19:54:02.120 [main] DEBUG services.ManejaFicherosPersonas - Persona [nombre=Marcos, notas=[2.0]]
2024-10-07 19:54:02.121 [main] DEBUG services.ManejaFicherosPersonas - Persona [nombre=Candela, notas=[10.0, 11.1]]
2024-10-07 19:54:02.121 [main] DEBUG services.ManejaFicherosPersonas - Persona [nombre=Pepe, notas=[]]
2024-10-07 19:54:02.121 [main] DEBUG services.ManejaFicherosPersonas - Persona [nombre= 1.0, notas=[]]
2024-10-07 19:54:02.121 [main] DEBUG services.ManejaFicherosPersonas - Persona [nombre= 3.5, notas=[]]
2024-10-07 19:54:02.121 [main] DEBUG services.ManejaFicherosPersonas - Persona [nombre= 7.7
Marcos, notas=[]]
2024-10-07 19:54:02.121 [main] DEBUG services.ManejaFicherosPersonas - Persona [nombre= 2
Candela, notas=[]]
2024-10-07 19:54:02.121 [main] DEBUG services.ManejaFicherosPersonas - Persona [nombre= 10.0, notas=[]]
2024-10-07 19:54:02.121 [main] DEBUG services.ManejaFicherosPersonas - Persona [nombre= 8.1, notas=[]]
2024-10-07 19:54:33.604 [main] DEBUG services.ManejaFicherosPersonas - Persona [nombre=Pepe 1.0 3.5 7.7, notas=[]]
2024-10-07 19:54:33.607 [main] DEBUG services.ManejaFicherosPersonas - Persona [nombre=Marcos 2, notas=[]]
2024-10-07 19:54:33.607 [main] DEBUG services.ManejaFicherosPersonas - Persona [nombre=Candela 10.0 11.1, notas=[]]
2024-10-07 19:54:33.609 [main] DEBUG services.ManejaFicherosPersonas - Persona [nombre=Pepe 1.0 3.5 7.7, notas=[]]
2024-10-07 19:54:33.610 [main] DEBUG services.ManejaFicherosPersonas - Persona [nombre=Marcos 2, notas=[]]
2024-10-07 19:54:33.610 [main] DEBUG services.ManejaFicherosPersonas - Persona [nombre=Candela 10.0 11.1, notas=[]]
2024-10-07 19:54:33.610 [main] DEBUG services.ManejaFicherosPersonas - Persona [nombre=Pepe, 1.0, 3.5, 7.7, notas=[]]
2024-10-07 19:54:33.610 [main] DEBUG services.ManejaFicherosPersonas - Persona [nombre=Marcos, 2, notas=[]]
2024-10-07 19:54:33.610 [main] DEBUG services.ManejaFicherosPersonas - Persona [nombre=Candela, 10.0, 8.1, notas=[]]
