2024-10-10 10:08:44.771 [main] ERROR services.ManejaFicherosPersonas - Excepción al acceder al fichero: C:\Users\rober\Downloads\LeerFicheros\src\main\resources\personas.txt: C:\Users\rober\Downloads\LeerFicheros\src\main\resources\personas.txt (El sistema no puede encontrar la ruta especificada)
2024-10-10 10:08:44.773 [main] ERROR services.ManejaFicherosPersonas - Excepción al acceder al fichero csv: C:\Users\rober\Downloads\LeerFicheros\src\main\resources\personas.csv: C:\Users\rober\Downloads\LeerFicheros\src\main\resources\personas.csv (El sistema no puede encontrar la ruta especificada)
2024-10-10 10:09:06.533 [main] ERROR services.ManejaFicherosPersonas - Excepción al acceder al fichero: C:\Users\rober\Downloads\LeerFicheros\src\main\resources\personas.txt: C:\Users\rober\Downloads\LeerFicheros\src\main\resources\personas.txt (El sistema no puede encontrar la ruta especificada)
2024-10-10 10:09:06.535 [main] ERROR services.ManejaFicherosPersonas - Excepción al acceder al fichero csv: C:\Users\rober\Downloads\LeerFicheros\src\main\resources\personas.csv: C:\Users\rober\Downloads\LeerFicheros\src\main\resources\personas.csv (El sistema no puede encontrar la ruta especificada)
2024-10-10 10:10:01.638 [main] ERROR services.ManejaFicherosPersonas - Excepción al acceder al fichero: C:\Users\EQUIPO\eclipse-workspace\LeerFicheros\src\main\resourcespersonas.txt: C:\Users\EQUIPO\eclipse-workspace\LeerFicheros\src\main\resourcespersonas.txt (El sistema no puede encontrar el archivo especificado)
2024-10-10 10:10:01.640 [main] ERROR services.ManejaFicherosPersonas - Excepción al acceder al fichero csv: C:\Users\EQUIPO\eclipse-workspace\LeerFicheros\src\main\resourcespersonas.csv: C:\Users\EQUIPO\eclipse-workspace\LeerFicheros\src\main\resourcespersonas.csv (El sistema no puede encontrar el archivo especificado)
2024-10-10 10:10:23.006 [main] DEBUG services.ManejaFicherosPersonas - Persona [nombre=Pepe 1.0 3.5 7.7, notas=[]]
2024-10-10 10:10:23.007 [main] DEBUG services.ManejaFicherosPersonas - Persona [nombre=Marcos 2, notas=[]]
2024-10-10 10:10:23.008 [main] DEBUG services.ManejaFicherosPersonas - Persona [nombre=Candela 10.0 11.1, notas=[]]
2024-10-10 10:10:23.008 [main] ERROR services.ManejaFicherosPersonas - Excepción al acceder al fichero csv: C:\Users\EQUIPO\eclipse-workspace\LeerFicheros\src\main\resources\personas.csv: C:\Users\EQUIPO\eclipse-workspace\LeerFicheros\src\main\resources\personas.csv (El sistema no puede encontrar el archivo especificado)
2024-10-10 10:10:23.008 [main] DEBUG services.ManejaFicherosPersonas - Persona [nombre=Pepe 1.0 3.5 7.7, notas=[]]
2024-10-10 10:10:23.008 [main] DEBUG services.ManejaFicherosPersonas - Persona [nombre=Marcos 2, notas=[]]
2024-10-10 10:10:23.008 [main] DEBUG services.ManejaFicherosPersonas - Persona [nombre=Candela 10.0 11.1, notas=[]]
2024-10-10 10:12:04.115 [main] DEBUG services.ManejaFicherosPersonas - Persona [nombre=Pepe 1.0 3.5 7.7, notas=[]]
2024-10-10 10:12:04.116 [main] DEBUG services.ManejaFicherosPersonas - Persona [nombre=Marcos 2, notas=[]]
2024-10-10 10:12:04.116 [main] DEBUG services.ManejaFicherosPersonas - Persona [nombre=Candela 10.0 11.1, notas=[]]
2024-10-10 10:12:04.118 [main] DEBUG services.ManejaFicherosPersonas - Persona [nombre=Pepe 1.0 3.5 7.7, notas=[]]
2024-10-10 10:12:04.118 [main] DEBUG services.ManejaFicherosPersonas - Persona [nombre=Marcos 2, notas=[]]
2024-10-10 10:12:04.118 [main] DEBUG services.ManejaFicherosPersonas - Persona [nombre=Candela 10.0 11.1, notas=[]]
2024-10-10 10:12:04.118 [main] DEBUG services.ManejaFicherosPersonas - Persona [nombre=Pepe, 1.0, 3.5, 7.7, notas=[]]
2024-10-10 10:12:04.118 [main] DEBUG services.ManejaFicherosPersonas - Persona [nombre=Marcos, 2, notas=[]]
2024-10-10 10:12:04.118 [main] DEBUG services.ManejaFicherosPersonas - Persona [nombre=Candela, 10.0, 8.1, notas=[]]
2024-10-10 10:12:37.699 [main] DEBUG services.ManejaFicherosPersonas - Persona [nombre=Pepe, notas=[1.0, 3.5, 7.7]]
2024-10-10 10:12:37.701 [main] DEBUG services.ManejaFicherosPersonas - Persona [nombre=Marcos, notas=[2.0]]
2024-10-10 10:12:37.701 [main] DEBUG services.ManejaFicherosPersonas - Persona [nombre=Candela, notas=[10.0, 11.1]]
2024-10-10 10:12:37.703 [main] DEBUG services.ManejaFicherosPersonas - Persona [nombre=Pepe, notas=[1.0, 3.5, 7.7]]
2024-10-10 10:12:37.703 [main] DEBUG services.ManejaFicherosPersonas - Persona [nombre=Marcos, notas=[2.0]]
2024-10-10 10:12:37.703 [main] DEBUG services.ManejaFicherosPersonas - Persona [nombre=Candela, notas=[10.0, 11.1]]
2024-10-10 10:12:37.703 [main] DEBUG services.ManejaFicherosPersonas - Persona [nombre=Pepe, 1.0, 3.5, 7.7, notas=[]]
2024-10-10 10:12:37.704 [main] DEBUG services.ManejaFicherosPersonas - Persona [nombre=Marcos, 2, notas=[]]
2024-10-10 10:12:37.704 [main] DEBUG services.ManejaFicherosPersonas - Persona [nombre=Candela, 10.0, 8.1, notas=[]]
2024-10-10 10:15:05.890 [main] DEBUG services.ManejaFicherosPersonas - Persona [nombre=Pepe, notas=[1.0, 3.5, 7.7]]
2024-10-10 10:15:05.892 [main] DEBUG services.ManejaFicherosPersonas - Persona [nombre=Marcos, notas=[2.0]]
2024-10-10 10:15:05.892 [main] DEBUG services.ManejaFicherosPersonas - Persona [nombre=Candela, notas=[10.0, 11.1]]
2024-10-10 10:15:05.894 [main] DEBUG services.ManejaFicherosPersonas - Persona [nombre=Pepe, notas=[1.0, 3.5, 7.7]]
2024-10-10 10:15:05.894 [main] DEBUG services.ManejaFicherosPersonas - Persona [nombre=Marcos, notas=[2.0]]
2024-10-10 10:15:05.894 [main] DEBUG services.ManejaFicherosPersonas - Persona [nombre=Candela, notas=[10.0, 11.1]]
2024-10-10 10:15:05.894 [main] DEBUG services.ManejaFicherosPersonas - Persona [nombre=Pepe, notas=[]]
2024-10-10 10:15:05.894 [main] DEBUG services.ManejaFicherosPersonas - Persona [nombre= 1.0, notas=[]]
2024-10-10 10:15:05.895 [main] DEBUG services.ManejaFicherosPersonas - Persona [nombre= 3.5, notas=[]]
2024-10-10 10:15:05.895 [main] DEBUG services.ManejaFicherosPersonas - Persona [nombre= 7.7
Marcos, notas=[]]
2024-10-10 10:15:05.895 [main] DEBUG services.ManejaFicherosPersonas - Persona [nombre= 2
Candela, notas=[]]
2024-10-10 10:15:05.895 [main] DEBUG services.ManejaFicherosPersonas - Persona [nombre= 10.0, notas=[]]
2024-10-10 10:15:05.895 [main] DEBUG services.ManejaFicherosPersonas - Persona [nombre= 8.1, notas=[]]
2024-10-10 10:15:17.285 [main] DEBUG services.ManejaFicherosPersonas - Persona [nombre=Pepe, notas=[1.0, 3.5, 7.7]]
2024-10-10 10:15:17.287 [main] DEBUG services.ManejaFicherosPersonas - Persona [nombre=Marcos, notas=[2.0]]
2024-10-10 10:15:17.287 [main] DEBUG services.ManejaFicherosPersonas - Persona [nombre=Candela, notas=[10.0, 11.1]]
2024-10-10 10:15:17.289 [main] DEBUG services.ManejaFicherosPersonas - Persona [nombre=Pepe, notas=[1.0, 3.5, 7.7]]
2024-10-10 10:15:17.289 [main] DEBUG services.ManejaFicherosPersonas - Persona [nombre=Marcos, notas=[2.0]]
2024-10-10 10:15:17.289 [main] DEBUG services.ManejaFicherosPersonas - Persona [nombre=Candela, notas=[10.0, 11.1]]
2024-10-10 10:15:17.289 [main] DEBUG services.ManejaFicherosPersonas - Persona [nombre=Pepe, notas=[]]
2024-10-10 10:15:17.289 [main] DEBUG services.ManejaFicherosPersonas - Persona [nombre= 1.0, notas=[]]
2024-10-10 10:15:17.289 [main] DEBUG services.ManejaFicherosPersonas - Persona [nombre= 3.5, notas=[]]
2024-10-10 10:15:17.290 [main] DEBUG services.ManejaFicherosPersonas - Persona [nombre= 7.7
Marcos, notas=[]]
2024-10-10 10:15:17.290 [main] DEBUG services.ManejaFicherosPersonas - Persona [nombre= 2
Candela, notas=[]]
2024-10-10 10:15:17.290 [main] DEBUG services.ManejaFicherosPersonas - Persona [nombre= 10.0, notas=[]]
2024-10-10 10:15:17.290 [main] DEBUG services.ManejaFicherosPersonas - Persona [nombre= 8.1, notas=[]]
2024-10-10 10:15:33.009 [main] DEBUG services.ManejaFicherosPersonas - Persona [nombre=Pepe, notas=[1.0, 3.5, 7.7]]
2024-10-10 10:15:33.012 [main] DEBUG services.ManejaFicherosPersonas - Persona [nombre=Marcos, notas=[2.0]]
2024-10-10 10:15:33.012 [main] DEBUG services.ManejaFicherosPersonas - Persona [nombre=Candela, notas=[10.0, 11.1]]
2024-10-10 10:15:33.014 [main] DEBUG services.ManejaFicherosPersonas - Persona [nombre=Pepe, notas=[1.0, 3.5, 7.7]]
2024-10-10 10:15:33.014 [main] DEBUG services.ManejaFicherosPersonas - Persona [nombre=Marcos, notas=[2.0]]
2024-10-10 10:15:33.014 [main] DEBUG services.ManejaFicherosPersonas - Persona [nombre=Candela, notas=[10.0, 11.1]]
2024-10-10 10:15:33.014 [main] DEBUG services.ManejaFicherosPersonas - Persona [nombre=Pepe, 1.0, 3.5, 7.7, notas=[]]
2024-10-10 10:15:33.014 [main] DEBUG services.ManejaFicherosPersonas - Persona [nombre=Marcos, 2, notas=[]]
2024-10-10 10:15:33.014 [main] DEBUG services.ManejaFicherosPersonas - Persona [nombre=Candela, 10.0, 8.1, notas=[]]
2024-10-10 10:17:47.393 [main] DEBUG services.ManejaFicherosPersonas - Persona [nombre=Pepe, notas=[1.0, 3.5, 7.7]]
2024-10-10 10:17:47.396 [main] DEBUG services.ManejaFicherosPersonas - Persona [nombre=Marcos, notas=[2.0]]
2024-10-10 10:17:47.396 [main] DEBUG services.ManejaFicherosPersonas - Persona [nombre=Candela, notas=[10.0, 11.1]]
2024-10-10 10:17:47.398 [main] DEBUG services.ManejaFicherosPersonas - Persona [nombre=Pepe, notas=[1.0, 3.5, 7.7]]
2024-10-10 10:17:47.399 [main] DEBUG services.ManejaFicherosPersonas - Persona [nombre=Marcos, notas=[2.0]]
2024-10-10 10:17:47.399 [main] DEBUG services.ManejaFicherosPersonas - Persona [nombre=Candela, notas=[10.0, 11.1]]
2024-10-10 10:17:47.399 [main] DEBUG services.ManejaFicherosPersonas - Persona [nombre=Pepe, notas=[]]
2024-10-10 10:17:47.399 [main] DEBUG services.ManejaFicherosPersonas - Persona [nombre= 1.0, notas=[]]
2024-10-10 10:17:47.399 [main] DEBUG services.ManejaFicherosPersonas - Persona [nombre= 3.5, notas=[]]
2024-10-10 10:17:47.399 [main] DEBUG services.ManejaFicherosPersonas - Persona [nombre= 7.7
Marcos, notas=[]]
2024-10-10 10:17:47.399 [main] DEBUG services.ManejaFicherosPersonas - Persona [nombre= 2
Candela, notas=[]]
2024-10-10 10:17:47.399 [main] DEBUG services.ManejaFicherosPersonas - Persona [nombre= 10.0, notas=[]]
2024-10-10 10:17:47.399 [main] DEBUG services.ManejaFicherosPersonas - Persona [nombre= 8.1, notas=[]]
2024-10-10 10:19:52.446 [main] DEBUG services.ManejaFicherosPersonas - Persona [nombre=Pepe, notas=[1.0, 3.5, 7.7]]
2024-10-10 10:19:52.447 [main] DEBUG services.ManejaFicherosPersonas - Persona [nombre=Marcos, notas=[2.0]]
2024-10-10 10:19:52.449 [main] DEBUG services.ManejaFicherosPersonas - Persona [nombre=Candela, notas=[10.0, 11.1]]
2024-10-10 10:19:52.451 [main] DEBUG services.ManejaFicherosPersonas - Persona [nombre=Pepe, notas=[1.0, 3.5, 7.7]]
2024-10-10 10:19:52.451 [main] DEBUG services.ManejaFicherosPersonas - Persona [nombre=Marcos, notas=[2.0]]
2024-10-10 10:19:52.451 [main] DEBUG services.ManejaFicherosPersonas - Persona [nombre=Candela, notas=[10.0, 11.1]]
2024-10-10 10:19:52.451 [main] DEBUG services.ManejaFicherosPersonas - Persona [nombre=Pepe, 1.0, 3.5, 7.7, notas=[]]
2024-10-10 10:19:52.451 [main] DEBUG services.ManejaFicherosPersonas - Persona [nombre=Marcos, 2, notas=[]]
2024-10-10 10:19:52.452 [main] DEBUG services.ManejaFicherosPersonas - Persona [nombre=Candela, 10.0, 8.1, notas=[]]
2024-10-10 10:24:04.690 [main] DEBUG services.ManejaFicherosPersonas - Persona [nombre=Pepe, notas=[1.0, 3.5, 7.7]]
2024-10-10 10:24:04.691 [main] DEBUG services.ManejaFicherosPersonas - Persona [nombre=Marcos, notas=[2.0]]
2024-10-10 10:24:04.691 [main] DEBUG services.ManejaFicherosPersonas - Persona [nombre=Candela, notas=[10.0, 11.1]]
2024-10-10 10:24:04.693 [main] DEBUG services.ManejaFicherosPersonas - Persona [nombre=Pepe, notas=[1.0, 3.5, 7.7]]
2024-10-10 10:24:04.694 [main] DEBUG services.ManejaFicherosPersonas - Persona [nombre=Marcos, notas=[2.0]]
2024-10-10 10:24:04.694 [main] DEBUG services.ManejaFicherosPersonas - Persona [nombre=Candela, notas=[10.0, 11.1]]
2024-10-10 10:24:04.694 [main] DEBUG services.ManejaFicherosPersonas - Persona [nombre=Pepe, notas=[]]
2024-10-10 10:24:04.694 [main] DEBUG services.ManejaFicherosPersonas - Persona [nombre= 1.0, notas=[]]
2024-10-10 10:24:04.694 [main] DEBUG services.ManejaFicherosPersonas - Persona [nombre= 3.5, notas=[]]
2024-10-10 10:24:04.694 [main] DEBUG services.ManejaFicherosPersonas - Persona [nombre= 7.7
Marcos, notas=[]]
2024-10-10 10:24:04.694 [main] DEBUG services.ManejaFicherosPersonas - Persona [nombre= 2
Candela, notas=[]]
2024-10-10 10:24:04.694 [main] DEBUG services.ManejaFicherosPersonas - Persona [nombre= 10.0, notas=[]]
2024-10-10 10:24:04.694 [main] DEBUG services.ManejaFicherosPersonas - Persona [nombre= 8.1, notas=[]]
2024-10-10 10:24:18.161 [main] DEBUG services.ManejaFicherosPersonas - Persona [nombre=Pepe, notas=[1.0, 3.5, 7.7]]
2024-10-10 10:24:18.163 [main] DEBUG services.ManejaFicherosPersonas - Persona [nombre=Marcos, notas=[2.0]]
2024-10-10 10:24:18.163 [main] DEBUG services.ManejaFicherosPersonas - Persona [nombre=Candela, notas=[10.0, 11.1]]
2024-10-10 10:24:18.165 [main] DEBUG services.ManejaFicherosPersonas - Persona [nombre=Pepe, notas=[1.0, 3.5, 7.7]]
2024-10-10 10:24:18.165 [main] DEBUG services.ManejaFicherosPersonas - Persona [nombre=Marcos, notas=[2.0]]
2024-10-10 10:24:18.165 [main] DEBUG services.ManejaFicherosPersonas - Persona [nombre=Candela, notas=[10.0, 11.1]]
2024-10-10 10:24:18.165 [main] DEBUG services.ManejaFicherosPersonas - Persona [nombre=Pepe, 1.0, 3.5, 7.7, notas=[]]
2024-10-10 10:24:18.165 [main] DEBUG services.ManejaFicherosPersonas - Persona [nombre=Marcos, 2, notas=[]]
2024-10-10 10:24:18.165 [main] DEBUG services.ManejaFicherosPersonas - Persona [nombre=Candela, 10.0, 8.1, notas=[]]
2024-10-10 10:29:00.312 [main] DEBUG services.ManejaFicherosPersonas - Persona [nombre=Pepe, notas=[1.0, 3.5, 7.7]]
2024-10-10 10:29:00.314 [main] DEBUG services.ManejaFicherosPersonas - Persona [nombre=Marcos, notas=[2.0]]
2024-10-10 10:29:00.314 [main] DEBUG services.ManejaFicherosPersonas - Persona [nombre=Candela, notas=[10.0, 11.1]]
2024-10-10 10:29:00.316 [main] DEBUG services.ManejaFicherosPersonas - Persona [nombre=Pepe, notas=[1.0, 3.5, 7.7]]
2024-10-10 10:29:00.316 [main] DEBUG services.ManejaFicherosPersonas - Persona [nombre=Marcos, notas=[2.0]]
2024-10-10 10:29:00.316 [main] DEBUG services.ManejaFicherosPersonas - Persona [nombre=Candela, notas=[10.0, 11.1]]
2024-10-10 10:29:00.316 [main] DEBUG services.ManejaFicherosPersonas - Persona [nombre=Pepe, notas=[]]
2024-10-10 10:29:00.316 [main] DEBUG services.ManejaFicherosPersonas - Persona [nombre= 1.0, notas=[]]
2024-10-10 10:29:00.317 [main] DEBUG services.ManejaFicherosPersonas - Persona [nombre= 3.5, notas=[]]
2024-10-10 10:29:00.317 [main] DEBUG services.ManejaFicherosPersonas - Persona [nombre= 7.7
Marcos, notas=[]]
2024-10-10 10:29:00.317 [main] DEBUG services.ManejaFicherosPersonas - Persona [nombre= 2
Candela, notas=[]]
2024-10-10 10:29:00.317 [main] DEBUG services.ManejaFicherosPersonas - Persona [nombre= 10.0, notas=[]]
2024-10-10 10:29:00.317 [main] DEBUG services.ManejaFicherosPersonas - Persona [nombre= 8.1, notas=[]]
2024-10-10 10:35:16.257 [main] DEBUG services.ManejaFicherosPersonas - Persona [nombre=Pepe, notas=[1.0, 3.5, 7.7]]
2024-10-10 10:35:16.259 [main] DEBUG services.ManejaFicherosPersonas - Persona [nombre=Marcos, notas=[2.0]]
2024-10-10 10:35:16.259 [main] DEBUG services.ManejaFicherosPersonas - Persona [nombre=Candela, notas=[10.0, 11.1]]
2024-10-10 10:35:16.260 [main] DEBUG services.ManejaFicherosPersonas - Persona [nombre=Pepe, notas=[1.0, 3.5, 7.7]]
2024-10-10 10:35:16.262 [main] DEBUG services.ManejaFicherosPersonas - Persona [nombre=Marcos, notas=[2.0]]
2024-10-10 10:35:16.262 [main] DEBUG services.ManejaFicherosPersonas - Persona [nombre=Candela, notas=[10.0, 11.1]]
2024-10-10 10:35:28.193 [main] DEBUG services.ManejaFicherosPersonas - Persona [nombre=Pepe, notas=[1.0, 3.5, 7.7]]
2024-10-10 10:35:28.194 [main] DEBUG services.ManejaFicherosPersonas - Persona [nombre=Marcos, notas=[2.0]]
2024-10-10 10:35:28.194 [main] DEBUG services.ManejaFicherosPersonas - Persona [nombre=Candela, notas=[10.0, 11.1]]
2024-10-10 10:35:28.197 [main] DEBUG services.ManejaFicherosPersonas - Persona [nombre=Pepe, notas=[1.0, 3.5, 7.7]]
2024-10-10 10:35:28.197 [main] DEBUG services.ManejaFicherosPersonas - Persona [nombre=Marcos, notas=[2.0]]
2024-10-10 10:35:28.197 [main] DEBUG services.ManejaFicherosPersonas - Persona [nombre=Candela, notas=[10.0, 11.1]]
2024-10-10 10:36:00.754 [main] DEBUG services.ManejaFicherosPersonas - Persona [nombre=Pepe, notas=[1.0, 3.5, 7.7]]
2024-10-10 10:36:00.756 [main] DEBUG services.ManejaFicherosPersonas - Persona [nombre=Marcos, notas=[2.0]]
2024-10-10 10:36:00.756 [main] DEBUG services.ManejaFicherosPersonas - Persona [nombre=Candela, notas=[10.0, 11.1]]
2024-10-10 10:36:00.759 [main] DEBUG services.ManejaFicherosPersonas - Persona [nombre=Pepe, notas=[1.0, 3.5, 7.7]]
2024-10-10 10:36:00.759 [main] DEBUG services.ManejaFicherosPersonas - Persona [nombre=Marcos, notas=[2.0]]
2024-10-10 10:36:00.759 [main] DEBUG services.ManejaFicherosPersonas - Persona [nombre=Candela, notas=[10.0, 11.1]]
2024-10-10 10:40:40.265 [main] DEBUG services.ManejaFicherosPersonas - Persona [nombre=Pepe, notas=[1.0, 3.5, 7.7]]
2024-10-10 10:40:40.266 [main] DEBUG services.ManejaFicherosPersonas - Persona [nombre=Marcos, notas=[2.0]]
2024-10-10 10:40:40.266 [main] DEBUG services.ManejaFicherosPersonas - Persona [nombre=Candela, notas=[10.0, 11.1]]
2024-10-10 10:41:22.693 [main] DEBUG services.ManejaFicherosPersonas - Persona [nombre=Pepe, notas=[1.0, 3.5, 7.7]]
2024-10-10 10:41:22.695 [main] DEBUG services.ManejaFicherosPersonas - Persona [nombre=Marcos, notas=[2.0]]
2024-10-10 10:41:22.695 [main] DEBUG services.ManejaFicherosPersonas - Persona [nombre=Candela, notas=[10.0, 11.1]]
2024-10-10 10:42:12.855 [main] DEBUG services.ManejaFicherosPersonas - Persona [nombre=Pepe, notas=[]]
2024-10-10 10:42:12.857 [main] DEBUG services.ManejaFicherosPersonas - Persona [nombre=1.0, notas=[]]
2024-10-10 10:42:12.857 [main] DEBUG services.ManejaFicherosPersonas - Persona [nombre=3.5, notas=[]]
2024-10-10 10:42:12.859 [main] DEBUG services.ManejaFicherosPersonas - Persona [nombre=7.7, notas=[]]
2024-10-10 10:42:12.859 [main] DEBUG services.ManejaFicherosPersonas - Persona [nombre=Marcos, notas=[2.0]]
2024-10-10 10:42:12.859 [main] DEBUG services.ManejaFicherosPersonas - Persona [nombre=Candela, notas=[]]
2024-10-10 10:42:12.859 [main] DEBUG services.ManejaFicherosPersonas - Persona [nombre=10.0, notas=[]]
2024-10-10 10:42:12.859 [main] DEBUG services.ManejaFicherosPersonas - Persona [nombre=11.1, notas=[]]
2024-10-10 10:42:12.862 [main] DEBUG services.ManejaFicherosPersonas - Persona [nombre=Pepe, notas=[]]
2024-10-10 10:42:12.862 [main] DEBUG services.ManejaFicherosPersonas - Persona [nombre=1.0, notas=[]]
2024-10-10 10:42:12.862 [main] DEBUG services.ManejaFicherosPersonas - Persona [nombre=3.5, notas=[]]
2024-10-10 10:42:12.862 [main] DEBUG services.ManejaFicherosPersonas - Persona [nombre=7.7, notas=[]]
2024-10-10 10:42:12.862 [main] DEBUG services.ManejaFicherosPersonas - Persona [nombre=Marcos, notas=[2.0]]
2024-10-10 10:42:12.862 [main] DEBUG services.ManejaFicherosPersonas - Persona [nombre=Candela, notas=[]]
2024-10-10 10:42:12.862 [main] DEBUG services.ManejaFicherosPersonas - Persona [nombre=10.0, notas=[]]
2024-10-10 10:42:12.862 [main] DEBUG services.ManejaFicherosPersonas - Persona [nombre=11.1, notas=[]]
2024-10-10 10:42:56.381 [main] DEBUG services.ManejaFicherosPersonas - Persona [nombre=Pepe, notas=[1.0, 3.5, 7.7]]
2024-10-10 10:42:56.383 [main] DEBUG services.ManejaFicherosPersonas - Persona [nombre=Marcos, notas=[2.0]]
2024-10-10 10:42:56.383 [main] DEBUG services.ManejaFicherosPersonas - Persona [nombre=Candela, notas=[10.0, 11.1]]
2024-10-10 10:42:56.385 [main] DEBUG services.ManejaFicherosPersonas - Persona [nombre=Pepe, notas=[1.0, 3.5, 7.7]]
2024-10-10 10:42:56.385 [main] DEBUG services.ManejaFicherosPersonas - Persona [nombre=Marcos, notas=[2.0]]
2024-10-10 10:42:56.386 [main] DEBUG services.ManejaFicherosPersonas - Persona [nombre=Candela, notas=[10.0, 11.1]]
2024-10-10 10:57:04.403 [main] DEBUG services.ManejaFicherosPersonas - Persona [nombre=Pepe, notas=[1.0, 3.5, 7.7]]
2024-10-10 10:57:04.405 [main] DEBUG services.ManejaFicherosPersonas - Persona [nombre=Marcos, notas=[2.0]]
2024-10-10 10:57:04.405 [main] DEBUG services.ManejaFicherosPersonas - Persona [nombre=Candela, notas=[10.0, 11.1]]
2024-10-10 10:57:04.409 [main] DEBUG services.ManejaFicherosPersonas - Persona [nombre=Pepe, notas=[1.0, 3.5, 7.7]]
2024-10-10 10:57:04.409 [main] DEBUG services.ManejaFicherosPersonas - Persona [nombre=Marcos, notas=[2.0]]
2024-10-10 10:57:04.409 [main] DEBUG services.ManejaFicherosPersonas - Persona [nombre=Candela, notas=[10.0, 11.1]]
2024-10-10 10:57:26.193 [main] DEBUG services.ManejaFicherosPersonas - Persona [nombre=Pepe, notas=[1.0, 3.5, 7.7]]
2024-10-10 10:57:26.195 [main] DEBUG services.ManejaFicherosPersonas - Persona [nombre=Marcos, notas=[2.0]]
2024-10-10 10:57:26.195 [main] DEBUG services.ManejaFicherosPersonas - Persona [nombre=Candela, notas=[10.0, 11.1]]
2024-10-10 10:57:26.197 [main] DEBUG services.ManejaFicherosPersonas - Persona [nombre=Pepe, notas=[1.0, 3.5, 7.7]]
2024-10-10 10:57:26.198 [main] DEBUG services.ManejaFicherosPersonas - Persona [nombre=Marcos, notas=[2.0]]
2024-10-10 10:57:26.198 [main] DEBUG services.ManejaFicherosPersonas - Persona [nombre=Candela, notas=[10.0, 11.1]]
