2024-11-08 10:02:55.661 [main] DEBUG controller.GestionaClasificacion - [Piloto [identificadorPiloto=123456A, nombrePiloto=Latifi, pais=FRA, puntos=123, identificadorEquipo=823193]]
2024-11-08 10:07:26.736 [main] DEBUG controller.GestionaClasificacion - [Piloto [identificadorPiloto=123456A, nombrePiloto=Latifi, pais=FRA, puntos=123, identificadorEquipo=823193]]
2024-11-08 10:07:26.738 [main] DEBUG controller.GestionaClasificacion - Piloto [identificadorPiloto=123456A, nombrePiloto=Latifi, pais=FRA, puntos=123, identificadorEquipo=823193]
2024-11-08 10:27:20.106 [main] DEBUG controller.GestionaClasificacion - [Piloto [identificadorPiloto=123456A, nombrePiloto=Latifi, pais=FRA, puntos=123, identificadorEquipo=823193]]
2024-11-08 10:27:20.108 [main] DEBUG controller.GestionaClasificacion - Piloto [identificadorPiloto=123456A, nombrePiloto=Latifi, pais=FRA, puntos=123, identificadorEquipo=823193]
2024-11-08 10:28:43.712 [main] DEBUG controller.GestionaClasificacion - [Piloto [identificadorPiloto=123456A, nombrePiloto=Latifi, pais=FRA, puntos=123, identificadorEquipo=823193]]
2024-11-08 10:28:43.714 [main] DEBUG controller.GestionaClasificacion - Piloto [identificadorPiloto=123456A, nombrePiloto=Latifi, pais=FRA, puntos=123, identificadorEquipo=823193]
2024-11-08 10:28:43.716 [main] DEBUG repositories.RepositorioEquipos - Equipo [nombre=Red Bull, puntuacion=342, identificadorEquipo=199012, pilotos=[]]
2024-11-08 10:30:59.937 [main] DEBUG controller.GestionaClasificacion - [Piloto [identificadorPiloto=123456A, nombrePiloto=Latifi, pais=FRA, puntos=123, identificadorEquipo=823193]]
2024-11-08 10:30:59.938 [main] DEBUG controller.GestionaClasificacion - Piloto [identificadorPiloto=123456A, nombrePiloto=Latifi, pais=FRA, puntos=123, identificadorEquipo=823193]
2024-11-08 10:30:59.940 [main] DEBUG repositories.RepositorioEquipos - Equipo [nombre=Red Bull, puntuacion=342, identificadorEquipo=199012, pilotos=[]]
2024-11-08 10:32:02.789 [main] DEBUG controller.GestionaClasificacion - [Piloto [identificadorPiloto=123456A, nombrePiloto=Latifi, pais=FRA, puntos=123, identificadorEquipo=823193]]
2024-11-08 10:32:02.790 [main] DEBUG controller.GestionaClasificacion - Piloto [identificadorPiloto=123456A, nombrePiloto=Latifi, pais=FRA, puntos=123, identificadorEquipo=823193]
2024-11-08 10:32:02.792 [main] DEBUG repositories.RepositorioEquipos - Equipo [nombre=Red Bull, puntuacion=342, identificadorEquipo=199012, pilotos=[]]
2024-11-08 10:32:02.792 [main] DEBUG controller.GestionaClasificacion - Equipo [nombre=Red Bull, puntuacion=342, identificadorEquipo=199012, pilotos=[]]
2024-11-08 12:34:04.741 [main] DEBUG controller.GestionaClasificacion - [Piloto [identificadorPiloto=123456A, nombrePiloto=Latifi, pais=FRA, puntos=123, identificadorEquipo=823193]]
2024-11-08 12:34:04.743 [main] DEBUG controller.GestionaClasificacion - Piloto [identificadorPiloto=123456A, nombrePiloto=Latifi, pais=FRA, puntos=123, identificadorEquipo=823193]
2024-11-08 12:34:04.744 [main] DEBUG repositories.RepositorioEquipos - Equipo [nombre=Red Bull, puntuacion=342, identificadorEquipo=199012, pilotos=[]]
2024-11-08 12:34:04.744 [main] DEBUG controller.GestionaClasificacion - Equipo [nombre=Red Bull, puntuacion=342, identificadorEquipo=199012, pilotos=[]]
2024-11-08 13:10:32.663 [main] DEBUG controller.GestionaClasificacion - [Piloto [identificadorPiloto=123456A, nombrePiloto=Latifi, pais=FRA, puntos=123, identificadorEquipo=823193]]
2024-11-08 13:10:32.665 [main] DEBUG controller.GestionaClasificacion - Piloto [identificadorPiloto=123456A, nombrePiloto=Latifi, pais=FRA, puntos=123, identificadorEquipo=823193]
2024-11-08 13:10:32.666 [main] DEBUG controller.GestionaClasificacion - [Equipo [nombre=Red Bull, puntuacion=342, identificadorEquipo=199012, pilotos=[]]]
2024-11-08 13:10:32.666 [main] DEBUG controller.GestionaClasificacion - Equipo [nombre=Red Bull, puntuacion=342, identificadorEquipo=199012, pilotos=[]]
2024-11-08 13:16:33.611 [main] DEBUG controller.GestionaClasificacion - [Piloto [identificadorPiloto=123456A, nombrePiloto=Latifi, pais=FRA, puntos=123, identificadorEquipo=823193]]
2024-11-08 13:16:33.613 [main] DEBUG controller.GestionaClasificacion - Piloto [identificadorPiloto=123456A, nombrePiloto=Latifi, pais=FRA, puntos=123, identificadorEquipo=823193]
2024-11-08 13:16:33.614 [main] DEBUG controller.GestionaClasificacion - [Equipo [nombre=Red Bull, puntuacion=342, identificadorEquipo=199012, pilotos=[]]]
2024-11-08 13:16:33.614 [main] DEBUG controller.GestionaClasificacion - Equipo [nombre=Red Bull, puntuacion=342, identificadorEquipo=199012, pilotos=[]]
2024-11-08 13:16:33.614 [main] DEBUG controller.GestionaClasificacion - Equipo [nombre=Red Bull, puntuacion=342, identificadorEquipo=199012, pilotos=[Piloto [identificadorPiloto=123456B, nombrePiloto=Michael Schumacher, pais=ALE, puntos=212, identificadorEquipo=433245]]]
2024-11-08 13:21:09.913 [main] DEBUG controller.GestionaClasificacion - [Piloto [identificadorPiloto=123456A, nombrePiloto=Latifi, pais=FRA, puntos=123, identificadorEquipo=823193]]
2024-11-08 13:21:09.915 [main] DEBUG controller.GestionaClasificacion - Piloto [identificadorPiloto=123456A, nombrePiloto=Latifi, pais=FRA, puntos=123, identificadorEquipo=823193]
2024-11-08 13:21:09.916 [main] DEBUG controller.GestionaClasificacion - [Equipo [nombre=Red Bull, puntuacion=342, identificadorEquipo=199012, pilotos=[]]]
2024-11-08 13:21:09.917 [main] DEBUG controller.GestionaClasificacion - Equipo [nombre=Red Bull, puntuacion=342, identificadorEquipo=199012, pilotos=[]]
2024-11-08 13:21:09.917 [main] DEBUG controller.GestionaClasificacion - Equipo [nombre=Red Bull, puntuacion=342, identificadorEquipo=199012, pilotos=[Piloto [identificadorPiloto=123456B, nombrePiloto=Michael Schumacher, pais=ALE, puntos=212, identificadorEquipo=433245]]]
2024-11-08 13:23:19.404 [main] DEBUG controller.GestionaClasificacion - [Piloto [identificadorPiloto=123456A, nombrePiloto=Latifi, pais=FRA, puntos=123, identificadorEquipo=823193]]
2024-11-08 13:23:19.406 [main] DEBUG controller.GestionaClasificacion - Piloto [identificadorPiloto=123456A, nombrePiloto=Latifi, pais=FRA, puntos=123, identificadorEquipo=823193]
2024-11-08 13:23:35.388 [main] DEBUG controller.GestionaClasificacion - [Piloto [identificadorPiloto=123456A, nombrePiloto=Latifi, pais=FRA, puntos=123, identificadorEquipo=823193]]
2024-11-08 13:23:35.389 [main] DEBUG controller.GestionaClasificacion - Piloto [identificadorPiloto=123456A, nombrePiloto=Latifi, pais=FRA, puntos=123, identificadorEquipo=823193]
2024-11-08 13:23:35.391 [main] DEBUG controller.GestionaClasificacion - [Equipo [nombre=Red Bull, puntuacion=342, identificadorEquipo=199012, pilotos=[]]]
2024-11-08 13:23:35.391 [main] DEBUG controller.GestionaClasificacion - Equipo [nombre=Red Bull, puntuacion=342, identificadorEquipo=199012, pilotos=[]]
2024-11-08 13:26:26.301 [main] DEBUG controller.GestionaClasificacion - [Piloto [identificadorPiloto=123456A, nombrePiloto=Latifi, pais=FRA, puntos=123, identificadorEquipo=823193]]
2024-11-08 13:26:26.303 [main] DEBUG controller.GestionaClasificacion - Piloto [identificadorPiloto=123456A, nombrePiloto=Latifi, pais=FRA, puntos=123, identificadorEquipo=823193]
2024-11-08 13:26:26.304 [main] DEBUG controller.GestionaClasificacion - [Equipo [nombre=Red Bull, puntuacion=342, identificadorEquipo=199012, pilotos=[]]]
2024-11-08 13:26:26.304 [main] DEBUG controller.GestionaClasificacion - Equipo [nombre=Red Bull, puntuacion=342, identificadorEquipo=199012, pilotos=[]]
2024-11-08 13:26:26.304 [main] DEBUG controller.GestionaClasificacion - Equipo [nombre=Red Bull, puntuacion=342, identificadorEquipo=199012, pilotos=[Piloto [identificadorPiloto=123456B, nombrePiloto=Michael Schumacher, pais=ALE, puntos=212, identificadorEquipo=433245]]]
