2024-10-04 09:16:21.195 [main] DEBUG files.Ficheros - Nombre: AdivinaNumero.css, tamaño: 1915, directorio padre: C:\Users\EQUIPO\Desktop\HLC\practica-1, ruta absoluta: C:\Users\EQUIPO\Desktop\HLC\practica-1\AdivinaNumero.css, ruta relativa: C:\Users\EQUIPO\Desktop\HLC\practica-1\AdivinaNumero.css
2024-10-04 09:16:21.197 [main] DEBUG files.Ficheros - Nombre: AdivinaNumero.html, tamaño: 723, directorio padre: C:\Users\EQUIPO\Desktop\HLC\practica-1, ruta absoluta: C:\Users\EQUIPO\Desktop\HLC\practica-1\AdivinaNumero.html, ruta relativa: C:\Users\EQUIPO\Desktop\HLC\practica-1\AdivinaNumero.html
2024-10-04 09:16:21.197 [main] DEBUG files.Ficheros - Nombre: AdivinaNumero.js, tamaño: 2853, directorio padre: C:\Users\EQUIPO\Desktop\HLC\practica-1, ruta absoluta: C:\Users\EQUIPO\Desktop\HLC\practica-1\AdivinaNumero.js, ruta relativa: C:\Users\EQUIPO\Desktop\HLC\practica-1\AdivinaNumero.js
2024-10-04 09:16:21.198 [main] DEBUG files.Ficheros - Nombre: fichero.txt, tamaño: 6, directorio padre: C:\Users\EQUIPO\Desktop\HLC\practica-1, ruta absoluta: C:\Users\EQUIPO\Desktop\HLC\practica-1\fichero.txt, ruta relativa: C:\Users\EQUIPO\Desktop\HLC\practica-1\fichero.txt
2024-10-04 09:16:21.198 [main] DEBUG files.Ficheros - Nombre: fichero2.txt, tamaño: 10, directorio padre: C:\Users\EQUIPO\Desktop\HLC\practica-1, ruta absoluta: C:\Users\EQUIPO\Desktop\HLC\practica-1\fichero2.txt, ruta relativa: C:\Users\EQUIPO\Desktop\HLC\practica-1\fichero2.txt
2024-10-04 09:16:21.198 [main] DEBUG files.Ficheros - Nombre: miDirectorio, tamaño: 0, directorio padre: C:\Users\EQUIPO\Desktop\HLC\practica-1, ruta absoluta: C:\Users\EQUIPO\Desktop\HLC\practica-1\miDirectorio, ruta relativa: C:\Users\EQUIPO\Desktop\HLC\practica-1\miDirectorio
2024-10-04 09:16:55.979 [main] DEBUG files.Ficheros - Nombre: AdivinaNumero.css, tamaño: 1915, directorio padre: C:\Users\EQUIPO\Desktop\HLC\practica-1, ruta absoluta: C:\Users\EQUIPO\Desktop\HLC\practica-1\AdivinaNumero.css, ruta relativa: C:\Users\EQUIPO\Desktop\HLC\practica-1\AdivinaNumero.css
2024-10-04 09:16:55.981 [main] DEBUG files.Ficheros - Nombre: AdivinaNumero.html, tamaño: 723, directorio padre: C:\Users\EQUIPO\Desktop\HLC\practica-1, ruta absoluta: C:\Users\EQUIPO\Desktop\HLC\practica-1\AdivinaNumero.html, ruta relativa: C:\Users\EQUIPO\Desktop\HLC\practica-1\AdivinaNumero.html
2024-10-04 09:16:55.981 [main] DEBUG files.Ficheros - Nombre: AdivinaNumero.js, tamaño: 2853, directorio padre: C:\Users\EQUIPO\Desktop\HLC\practica-1, ruta absoluta: C:\Users\EQUIPO\Desktop\HLC\practica-1\AdivinaNumero.js, ruta relativa: C:\Users\EQUIPO\Desktop\HLC\practica-1\AdivinaNumero.js
2024-10-04 09:16:55.981 [main] DEBUG files.Ficheros - Nombre: fichero.txt, tamaño: 6, directorio padre: C:\Users\EQUIPO\Desktop\HLC\practica-1, ruta absoluta: C:\Users\EQUIPO\Desktop\HLC\practica-1\fichero.txt, ruta relativa: C:\Users\EQUIPO\Desktop\HLC\practica-1\fichero.txt
2024-10-04 09:16:55.981 [main] DEBUG files.Ficheros - Nombre: fichero2.txt, tamaño: 10, directorio padre: C:\Users\EQUIPO\Desktop\HLC\practica-1, ruta absoluta: C:\Users\EQUIPO\Desktop\HLC\practica-1\fichero2.txt, ruta relativa: C:\Users\EQUIPO\Desktop\HLC\practica-1\fichero2.txt
2024-10-04 09:16:55.981 [main] DEBUG files.Ficheros - Nombre: miDirectorio, tamaño: 0, directorio padre: C:\Users\EQUIPO\Desktop\HLC\practica-1, ruta absoluta: C:\Users\EQUIPO\Desktop\HLC\practica-1\miDirectorio, ruta relativa: C:\Users\EQUIPO\Desktop\HLC\practica-1\miDirectorio
2024-10-04 09:16:55.981 [main] DEBUG files.Ficheros - Numero de archivos: 6
2024-10-04 09:16:55.983 [main] DEBUG files.Ficheros - Numero de archivos: 6
2024-10-04 09:16:55.983 [main] DEBUG files.Ficheros - Numero de archivos: 6
2024-10-04 09:17:42.394 [main] DEBUG files.Ficheros - Nombre: AdivinaNumero.css, tamaño: 1915, directorio padre: C:\Users\EQUIPO\Desktop\HLC\practica-1, ruta absoluta: C:\Users\EQUIPO\Desktop\HLC\practica-1\AdivinaNumero.css, ruta relativa: C:\Users\EQUIPO\Desktop\HLC\practica-1\AdivinaNumero.css
2024-10-04 09:17:42.396 [main] DEBUG files.Ficheros - Nombre: AdivinaNumero.html, tamaño: 723, directorio padre: C:\Users\EQUIPO\Desktop\HLC\practica-1, ruta absoluta: C:\Users\EQUIPO\Desktop\HLC\practica-1\AdivinaNumero.html, ruta relativa: C:\Users\EQUIPO\Desktop\HLC\practica-1\AdivinaNumero.html
2024-10-04 09:17:42.397 [main] DEBUG files.Ficheros - Nombre: AdivinaNumero.js, tamaño: 2853, directorio padre: C:\Users\EQUIPO\Desktop\HLC\practica-1, ruta absoluta: C:\Users\EQUIPO\Desktop\HLC\practica-1\AdivinaNumero.js, ruta relativa: C:\Users\EQUIPO\Desktop\HLC\practica-1\AdivinaNumero.js
2024-10-04 09:17:42.397 [main] DEBUG files.Ficheros - Numero de archivos: 3
2024-10-04 09:17:42.397 [main] DEBUG files.Ficheros - Numero de archivos: 4
2024-10-04 09:17:42.398 [main] DEBUG files.Ficheros - Numero de archivos: 6
2024-10-04 09:25:03.594 [main] DEBUG files.Ficheros - Nombre: AdivinaNumero.css, tamaño: 1915, directorio padre: C:\Users\EQUIPO\Desktop\HLC\practica-1, ruta absoluta: C:\Users\EQUIPO\Desktop\HLC\practica-1\AdivinaNumero.css, ruta relativa: C:\Users\EQUIPO\Desktop\HLC\practica-1\AdivinaNumero.css
2024-10-04 09:25:03.596 [main] DEBUG files.Ficheros - Nombre: AdivinaNumero.html, tamaño: 723, directorio padre: C:\Users\EQUIPO\Desktop\HLC\practica-1, ruta absoluta: C:\Users\EQUIPO\Desktop\HLC\practica-1\AdivinaNumero.html, ruta relativa: C:\Users\EQUIPO\Desktop\HLC\practica-1\AdivinaNumero.html
2024-10-04 09:25:03.596 [main] DEBUG files.Ficheros - Nombre: AdivinaNumero.js, tamaño: 2853, directorio padre: C:\Users\EQUIPO\Desktop\HLC\practica-1, ruta absoluta: C:\Users\EQUIPO\Desktop\HLC\practica-1\AdivinaNumero.js, ruta relativa: C:\Users\EQUIPO\Desktop\HLC\practica-1\AdivinaNumero.js
2024-10-04 09:25:03.596 [main] DEBUG files.Ficheros - Nombre: fichero.txt, tamaño: 0, directorio padre: C:\Users\EQUIPO\Desktop\HLC\practica-1, ruta absoluta: C:\Users\EQUIPO\Desktop\HLC\practica-1\fichero.txt, ruta relativa: C:\Users\EQUIPO\Desktop\HLC\practica-1\fichero.txt
2024-10-04 09:25:03.597 [main] DEBUG files.Ficheros - Nombre: fichero2.txt, tamaño: 0, directorio padre: C:\Users\EQUIPO\Desktop\HLC\practica-1, ruta absoluta: C:\Users\EQUIPO\Desktop\HLC\practica-1\fichero2.txt, ruta relativa: C:\Users\EQUIPO\Desktop\HLC\practica-1\fichero2.txt
2024-10-04 09:25:03.597 [main] DEBUG files.Ficheros - Nombre: miDirectorio, tamaño: 0, directorio padre: C:\Users\EQUIPO\Desktop\HLC\practica-1, ruta absoluta: C:\Users\EQUIPO\Desktop\HLC\practica-1\miDirectorio, ruta relativa: C:\Users\EQUIPO\Desktop\HLC\practica-1\miDirectorio
2024-10-04 09:25:03.597 [main] DEBUG files.Ficheros - Numero de archivos: 6
2024-10-04 09:25:03.597 [main] DEBUG files.Ficheros - Numero de archivos: 6
2024-10-04 09:25:03.598 [main] DEBUG files.Ficheros - Numero de archivos: 6
2024-10-04 09:42:21.322 [main] DEBUG files.Ficheros - Nombre: AdivinaNumero.css, tamaño: 1915, directorio padre: C:\Users\EQUIPO\Desktop\HLC\practica-1, ruta absoluta: C:\Users\EQUIPO\Desktop\HLC\practica-1\AdivinaNumero.css, ruta relativa: C:\Users\EQUIPO\Desktop\HLC\practica-1\AdivinaNumero.css
2024-10-04 09:42:21.324 [main] DEBUG files.Ficheros - Nombre: AdivinaNumero.html, tamaño: 723, directorio padre: C:\Users\EQUIPO\Desktop\HLC\practica-1, ruta absoluta: C:\Users\EQUIPO\Desktop\HLC\practica-1\AdivinaNumero.html, ruta relativa: C:\Users\EQUIPO\Desktop\HLC\practica-1\AdivinaNumero.html
2024-10-04 09:42:21.324 [main] DEBUG files.Ficheros - Nombre: AdivinaNumero.js, tamaño: 2853, directorio padre: C:\Users\EQUIPO\Desktop\HLC\practica-1, ruta absoluta: C:\Users\EQUIPO\Desktop\HLC\practica-1\AdivinaNumero.js, ruta relativa: C:\Users\EQUIPO\Desktop\HLC\practica-1\AdivinaNumero.js
2024-10-04 09:42:21.324 [main] DEBUG files.Ficheros - Nombre: fichero.txt, tamaño: 0, directorio padre: C:\Users\EQUIPO\Desktop\HLC\practica-1, ruta absoluta: C:\Users\EQUIPO\Desktop\HLC\practica-1\fichero.txt, ruta relativa: C:\Users\EQUIPO\Desktop\HLC\practica-1\fichero.txt
2024-10-04 09:42:21.324 [main] DEBUG files.Ficheros - Nombre: fichero2.txt, tamaño: 0, directorio padre: C:\Users\EQUIPO\Desktop\HLC\practica-1, ruta absoluta: C:\Users\EQUIPO\Desktop\HLC\practica-1\fichero2.txt, ruta relativa: C:\Users\EQUIPO\Desktop\HLC\practica-1\fichero2.txt
2024-10-04 09:42:21.324 [main] DEBUG files.Ficheros - Nombre: miDirectorio, tamaño: 0, directorio padre: C:\Users\EQUIPO\Desktop\HLC\practica-1, ruta absoluta: C:\Users\EQUIPO\Desktop\HLC\practica-1\miDirectorio, ruta relativa: C:\Users\EQUIPO\Desktop\HLC\practica-1\miDirectorio
2024-10-04 09:42:21.324 [main] DEBUG files.Ficheros - Numero de archivos: 6
2024-10-04 09:42:21.325 [main] DEBUG files.Ficheros - Numero de archivos: 6
2024-10-04 09:42:21.325 [main] DEBUG files.Ficheros - Numero de archivos: 6
2024-10-04 09:43:30.478 [main] DEBUG files.Ficheros - Nombre: AdivinaNumero.css, tamaño: 1915, directorio padre: C:\Users\EQUIPO\Desktop\HLC\practica-1, ruta absoluta: C:\Users\EQUIPO\Desktop\HLC\practica-1\AdivinaNumero.css, ruta relativa: C:\Users\EQUIPO\Desktop\HLC\practica-1\AdivinaNumero.css
2024-10-04 09:43:30.480 [main] DEBUG files.Ficheros - Nombre: AdivinaNumero.html, tamaño: 723, directorio padre: C:\Users\EQUIPO\Desktop\HLC\practica-1, ruta absoluta: C:\Users\EQUIPO\Desktop\HLC\practica-1\AdivinaNumero.html, ruta relativa: C:\Users\EQUIPO\Desktop\HLC\practica-1\AdivinaNumero.html
2024-10-04 09:43:30.480 [main] DEBUG files.Ficheros - Nombre: AdivinaNumero.js, tamaño: 2853, directorio padre: C:\Users\EQUIPO\Desktop\HLC\practica-1, ruta absoluta: C:\Users\EQUIPO\Desktop\HLC\practica-1\AdivinaNumero.js, ruta relativa: C:\Users\EQUIPO\Desktop\HLC\practica-1\AdivinaNumero.js
2024-10-04 09:43:30.480 [main] DEBUG files.Ficheros - Nombre: fichero.txt, tamaño: 0, directorio padre: C:\Users\EQUIPO\Desktop\HLC\practica-1, ruta absoluta: C:\Users\EQUIPO\Desktop\HLC\practica-1\fichero.txt, ruta relativa: C:\Users\EQUIPO\Desktop\HLC\practica-1\fichero.txt
2024-10-04 09:43:30.481 [main] DEBUG files.Ficheros - Nombre: fichero2.txt, tamaño: 0, directorio padre: C:\Users\EQUIPO\Desktop\HLC\practica-1, ruta absoluta: C:\Users\EQUIPO\Desktop\HLC\practica-1\fichero2.txt, ruta relativa: C:\Users\EQUIPO\Desktop\HLC\practica-1\fichero2.txt
2024-10-04 09:43:30.481 [main] DEBUG files.Ficheros - Nombre: miDirectorio, tamaño: 0, directorio padre: C:\Users\EQUIPO\Desktop\HLC\practica-1, ruta absoluta: C:\Users\EQUIPO\Desktop\HLC\practica-1\miDirectorio, ruta relativa: C:\Users\EQUIPO\Desktop\HLC\practica-1\miDirectorio
2024-10-04 09:43:30.481 [main] DEBUG files.Ficheros - Numero de archivos: 6
2024-10-04 09:43:30.481 [main] DEBUG files.Ficheros - Numero de archivos: 6
2024-10-04 09:43:30.481 [main] DEBUG files.Ficheros - Numero de archivos: 6
2024-10-04 09:43:30.481 [main] DEBUG files.Ficheros - Nombre: fichero2.txt, permiso de lectura: true, permiso de escritura: true, permiso de ejecución: true
2024-10-04 09:44:03.442 [main] DEBUG files.Ficheros - Nombre: AdivinaNumero.css, tamaño: 1915, directorio padre: C:\Users\EQUIPO\Desktop\HLC\practica-1, ruta absoluta: C:\Users\EQUIPO\Desktop\HLC\practica-1\AdivinaNumero.css, ruta relativa: C:\Users\EQUIPO\Desktop\HLC\practica-1\AdivinaNumero.css
2024-10-04 09:44:03.444 [main] DEBUG files.Ficheros - Nombre: AdivinaNumero.html, tamaño: 723, directorio padre: C:\Users\EQUIPO\Desktop\HLC\practica-1, ruta absoluta: C:\Users\EQUIPO\Desktop\HLC\practica-1\AdivinaNumero.html, ruta relativa: C:\Users\EQUIPO\Desktop\HLC\practica-1\AdivinaNumero.html
2024-10-04 09:44:03.444 [main] DEBUG files.Ficheros - Nombre: AdivinaNumero.js, tamaño: 2853, directorio padre: C:\Users\EQUIPO\Desktop\HLC\practica-1, ruta absoluta: C:\Users\EQUIPO\Desktop\HLC\practica-1\AdivinaNumero.js, ruta relativa: C:\Users\EQUIPO\Desktop\HLC\practica-1\AdivinaNumero.js
2024-10-04 09:44:03.444 [main] DEBUG files.Ficheros - Nombre: fichero.txt, tamaño: 0, directorio padre: C:\Users\EQUIPO\Desktop\HLC\practica-1, ruta absoluta: C:\Users\EQUIPO\Desktop\HLC\practica-1\fichero.txt, ruta relativa: C:\Users\EQUIPO\Desktop\HLC\practica-1\fichero.txt
2024-10-04 09:44:03.444 [main] DEBUG files.Ficheros - Nombre: fichero2.txt, tamaño: 0, directorio padre: C:\Users\EQUIPO\Desktop\HLC\practica-1, ruta absoluta: C:\Users\EQUIPO\Desktop\HLC\practica-1\fichero2.txt, ruta relativa: C:\Users\EQUIPO\Desktop\HLC\practica-1\fichero2.txt
2024-10-04 09:44:03.444 [main] DEBUG files.Ficheros - Nombre: miDirectorio, tamaño: 0, directorio padre: C:\Users\EQUIPO\Desktop\HLC\practica-1, ruta absoluta: C:\Users\EQUIPO\Desktop\HLC\practica-1\miDirectorio, ruta relativa: C:\Users\EQUIPO\Desktop\HLC\practica-1\miDirectorio
2024-10-04 09:44:03.445 [main] DEBUG files.Ficheros - Numero de archivos: 6
2024-10-04 09:44:03.445 [main] DEBUG files.Ficheros - Numero de archivos: 6
2024-10-04 09:44:03.445 [main] DEBUG files.Ficheros - Numero de archivos: 6
2024-10-04 09:44:03.446 [main] DEBUG files.Ficheros - Nombre: fichero.txt, permiso de lectura: true, permiso de escritura: true, permiso de ejecución: true
2024-10-04 09:45:51.194 [main] DEBUG files.Ficheros - Nombre: AdivinaNumero.css, tamaño: 1915, directorio padre: C:\Users\EQUIPO\Desktop\HLC\practica-1, ruta absoluta: C:\Users\EQUIPO\Desktop\HLC\practica-1\AdivinaNumero.css, ruta relativa: C:\Users\EQUIPO\Desktop\HLC\practica-1\AdivinaNumero.css
2024-10-04 09:45:51.196 [main] DEBUG files.Ficheros - Nombre: AdivinaNumero.html, tamaño: 723, directorio padre: C:\Users\EQUIPO\Desktop\HLC\practica-1, ruta absoluta: C:\Users\EQUIPO\Desktop\HLC\practica-1\AdivinaNumero.html, ruta relativa: C:\Users\EQUIPO\Desktop\HLC\practica-1\AdivinaNumero.html
2024-10-04 09:45:51.196 [main] DEBUG files.Ficheros - Nombre: AdivinaNumero.js, tamaño: 2853, directorio padre: C:\Users\EQUIPO\Desktop\HLC\practica-1, ruta absoluta: C:\Users\EQUIPO\Desktop\HLC\practica-1\AdivinaNumero.js, ruta relativa: C:\Users\EQUIPO\Desktop\HLC\practica-1\AdivinaNumero.js
2024-10-04 09:45:51.196 [main] DEBUG files.Ficheros - Nombre: fichero.txt, tamaño: 0, directorio padre: C:\Users\EQUIPO\Desktop\HLC\practica-1, ruta absoluta: C:\Users\EQUIPO\Desktop\HLC\practica-1\fichero.txt, ruta relativa: C:\Users\EQUIPO\Desktop\HLC\practica-1\fichero.txt
2024-10-04 09:45:51.197 [main] DEBUG files.Ficheros - Nombre: fichero2.txt, tamaño: 0, directorio padre: C:\Users\EQUIPO\Desktop\HLC\practica-1, ruta absoluta: C:\Users\EQUIPO\Desktop\HLC\practica-1\fichero2.txt, ruta relativa: C:\Users\EQUIPO\Desktop\HLC\practica-1\fichero2.txt
2024-10-04 09:45:51.197 [main] DEBUG files.Ficheros - Nombre: miDirectorio, tamaño: 0, directorio padre: C:\Users\EQUIPO\Desktop\HLC\practica-1, ruta absoluta: C:\Users\EQUIPO\Desktop\HLC\practica-1\miDirectorio, ruta relativa: C:\Users\EQUIPO\Desktop\HLC\practica-1\miDirectorio
2024-10-04 09:45:51.197 [main] DEBUG files.Ficheros - Numero de archivos: 6
2024-10-04 09:45:51.197 [main] DEBUG files.Ficheros - Numero de archivos: 6
2024-10-04 09:45:51.197 [main] DEBUG files.Ficheros - Numero de archivos: 6
2024-10-04 09:45:51.198 [main] DEBUG files.Ficheros - Nombre: fichero2.txt, permiso de lectura: true, permiso de escritura: true, permiso de ejecución: true
2024-10-04 09:59:28.017 [main] DEBUG files.Ficheros - Nombre: AdivinaNumero.css, tamaño: 1915, directorio padre: C:\Users\EQUIPO\Desktop\HLC\practica-1, ruta absoluta: C:\Users\EQUIPO\Desktop\HLC\practica-1\AdivinaNumero.css, ruta relativa: C:\Users\EQUIPO\Desktop\HLC\practica-1\AdivinaNumero.css
2024-10-04 09:59:28.019 [main] DEBUG files.Ficheros - Nombre: AdivinaNumero.html, tamaño: 723, directorio padre: C:\Users\EQUIPO\Desktop\HLC\practica-1, ruta absoluta: C:\Users\EQUIPO\Desktop\HLC\practica-1\AdivinaNumero.html, ruta relativa: C:\Users\EQUIPO\Desktop\HLC\practica-1\AdivinaNumero.html
2024-10-04 09:59:28.019 [main] DEBUG files.Ficheros - Nombre: AdivinaNumero.js, tamaño: 2853, directorio padre: C:\Users\EQUIPO\Desktop\HLC\practica-1, ruta absoluta: C:\Users\EQUIPO\Desktop\HLC\practica-1\AdivinaNumero.js, ruta relativa: C:\Users\EQUIPO\Desktop\HLC\practica-1\AdivinaNumero.js
2024-10-04 09:59:28.020 [main] DEBUG files.Ficheros - Nombre: fichero.txt, tamaño: 0, directorio padre: C:\Users\EQUIPO\Desktop\HLC\practica-1, ruta absoluta: C:\Users\EQUIPO\Desktop\HLC\practica-1\fichero.txt, ruta relativa: C:\Users\EQUIPO\Desktop\HLC\practica-1\fichero.txt
2024-10-04 09:59:28.020 [main] DEBUG files.Ficheros - Nombre: fichero2.txt, tamaño: 0, directorio padre: C:\Users\EQUIPO\Desktop\HLC\practica-1, ruta absoluta: C:\Users\EQUIPO\Desktop\HLC\practica-1\fichero2.txt, ruta relativa: C:\Users\EQUIPO\Desktop\HLC\practica-1\fichero2.txt
2024-10-04 09:59:28.020 [main] DEBUG files.Ficheros - Nombre: miDirectorio, tamaño: 0, directorio padre: C:\Users\EQUIPO\Desktop\HLC\practica-1, ruta absoluta: C:\Users\EQUIPO\Desktop\HLC\practica-1\miDirectorio, ruta relativa: C:\Users\EQUIPO\Desktop\HLC\practica-1\miDirectorio
2024-10-04 09:59:28.020 [main] DEBUG files.Ficheros - Numero de archivos: 6
2024-10-04 09:59:28.020 [main] DEBUG files.Ficheros - Numero de archivos: 6
2024-10-04 09:59:28.021 [main] DEBUG files.Ficheros - Numero de archivos: 6
2024-10-04 09:59:28.021 [main] DEBUG files.Ficheros - Nombre: fichero2.txt, permiso de lectura: true, permiso de escritura: true, permiso de ejecución: true
2024-10-04 09:59:50.422 [main] DEBUG files.Ficheros - Nombre: AdivinaNumero.css, tamaño: 1915, directorio padre: C:\Users\EQUIPO\Desktop\HLC\practica-1, ruta absoluta: C:\Users\EQUIPO\Desktop\HLC\practica-1\AdivinaNumero.css, ruta relativa: C:\Users\EQUIPO\Desktop\HLC\practica-1\AdivinaNumero.css
2024-10-04 09:59:50.424 [main] DEBUG files.Ficheros - Nombre: AdivinaNumero.html, tamaño: 723, directorio padre: C:\Users\EQUIPO\Desktop\HLC\practica-1, ruta absoluta: C:\Users\EQUIPO\Desktop\HLC\practica-1\AdivinaNumero.html, ruta relativa: C:\Users\EQUIPO\Desktop\HLC\practica-1\AdivinaNumero.html
2024-10-04 09:59:50.424 [main] DEBUG files.Ficheros - Nombre: AdivinaNumero.js, tamaño: 2853, directorio padre: C:\Users\EQUIPO\Desktop\HLC\practica-1, ruta absoluta: C:\Users\EQUIPO\Desktop\HLC\practica-1\AdivinaNumero.js, ruta relativa: C:\Users\EQUIPO\Desktop\HLC\practica-1\AdivinaNumero.js
2024-10-04 09:59:50.424 [main] DEBUG files.Ficheros - Nombre: fichero.txt, tamaño: 0, directorio padre: C:\Users\EQUIPO\Desktop\HLC\practica-1, ruta absoluta: C:\Users\EQUIPO\Desktop\HLC\practica-1\fichero.txt, ruta relativa: C:\Users\EQUIPO\Desktop\HLC\practica-1\fichero.txt
2024-10-04 09:59:50.424 [main] DEBUG files.Ficheros - Nombre: fichero2.txt, tamaño: 0, directorio padre: C:\Users\EQUIPO\Desktop\HLC\practica-1, ruta absoluta: C:\Users\EQUIPO\Desktop\HLC\practica-1\fichero2.txt, ruta relativa: C:\Users\EQUIPO\Desktop\HLC\practica-1\fichero2.txt
2024-10-04 09:59:50.424 [main] DEBUG files.Ficheros - Nombre: miDirectorio, tamaño: 0, directorio padre: C:\Users\EQUIPO\Desktop\HLC\practica-1, ruta absoluta: C:\Users\EQUIPO\Desktop\HLC\practica-1\miDirectorio, ruta relativa: C:\Users\EQUIPO\Desktop\HLC\practica-1\miDirectorio
2024-10-04 09:59:50.424 [main] DEBUG files.Ficheros - Numero de archivos: 6
2024-10-04 09:59:50.425 [main] DEBUG files.Ficheros - Numero de archivos: 6
2024-10-04 09:59:50.425 [main] DEBUG files.Ficheros - Numero de archivos: 6
2024-10-04 09:59:50.425 [main] DEBUG files.Ficheros - Nombre: fichero2.txt, permiso de lectura: true, permiso de escritura: true, permiso de ejecución: true
2024-10-04 09:59:50.425 [main] DEBUG files.Ficheros - Nombre: fichero2.txt, permiso de lectura: true, permiso de escritura: true, permiso de ejecución: true
2024-10-04 10:00:26.994 [main] DEBUG files.Ficheros - Nombre: AdivinaNumero.css, tamaño: 1915, directorio padre: C:\Users\EQUIPO\Desktop\HLC\practica-1, ruta absoluta: C:\Users\EQUIPO\Desktop\HLC\practica-1\AdivinaNumero.css, ruta relativa: C:\Users\EQUIPO\Desktop\HLC\practica-1\AdivinaNumero.css
2024-10-04 10:00:26.995 [main] DEBUG files.Ficheros - Nombre: AdivinaNumero.html, tamaño: 723, directorio padre: C:\Users\EQUIPO\Desktop\HLC\practica-1, ruta absoluta: C:\Users\EQUIPO\Desktop\HLC\practica-1\AdivinaNumero.html, ruta relativa: C:\Users\EQUIPO\Desktop\HLC\practica-1\AdivinaNumero.html
2024-10-04 10:00:26.996 [main] DEBUG files.Ficheros - Nombre: AdivinaNumero.js, tamaño: 2853, directorio padre: C:\Users\EQUIPO\Desktop\HLC\practica-1, ruta absoluta: C:\Users\EQUIPO\Desktop\HLC\practica-1\AdivinaNumero.js, ruta relativa: C:\Users\EQUIPO\Desktop\HLC\practica-1\AdivinaNumero.js
2024-10-04 10:00:26.996 [main] DEBUG files.Ficheros - Nombre: fichero.txt, tamaño: 0, directorio padre: C:\Users\EQUIPO\Desktop\HLC\practica-1, ruta absoluta: C:\Users\EQUIPO\Desktop\HLC\practica-1\fichero.txt, ruta relativa: C:\Users\EQUIPO\Desktop\HLC\practica-1\fichero.txt
2024-10-04 10:00:26.996 [main] DEBUG files.Ficheros - Nombre: miDirectorio, tamaño: 0, directorio padre: C:\Users\EQUIPO\Desktop\HLC\practica-1, ruta absoluta: C:\Users\EQUIPO\Desktop\HLC\practica-1\miDirectorio, ruta relativa: C:\Users\EQUIPO\Desktop\HLC\practica-1\miDirectorio
2024-10-04 10:00:26.996 [main] DEBUG files.Ficheros - Numero de archivos: 5
2024-10-04 10:00:26.996 [main] DEBUG files.Ficheros - Numero de archivos: 5
2024-10-04 10:00:26.997 [main] DEBUG files.Ficheros - Numero de archivos: 5
2024-10-04 10:00:26.997 [main] DEBUG files.Ficheros - No existe el fichero
2024-10-04 10:00:51.507 [main] DEBUG files.Ficheros - Nombre: AdivinaNumero.css, tamaño: 1915, directorio padre: C:\Users\EQUIPO\Desktop\HLC\practica-1, ruta absoluta: C:\Users\EQUIPO\Desktop\HLC\practica-1\AdivinaNumero.css, ruta relativa: C:\Users\EQUIPO\Desktop\HLC\practica-1\AdivinaNumero.css
2024-10-04 10:00:51.508 [main] DEBUG files.Ficheros - Nombre: AdivinaNumero.html, tamaño: 723, directorio padre: C:\Users\EQUIPO\Desktop\HLC\practica-1, ruta absoluta: C:\Users\EQUIPO\Desktop\HLC\practica-1\AdivinaNumero.html, ruta relativa: C:\Users\EQUIPO\Desktop\HLC\practica-1\AdivinaNumero.html
2024-10-04 10:00:51.509 [main] DEBUG files.Ficheros - Nombre: AdivinaNumero.js, tamaño: 2853, directorio padre: C:\Users\EQUIPO\Desktop\HLC\practica-1, ruta absoluta: C:\Users\EQUIPO\Desktop\HLC\practica-1\AdivinaNumero.js, ruta relativa: C:\Users\EQUIPO\Desktop\HLC\practica-1\AdivinaNumero.js
2024-10-04 10:00:51.509 [main] DEBUG files.Ficheros - Nombre: fichero.txt, tamaño: 0, directorio padre: C:\Users\EQUIPO\Desktop\HLC\practica-1, ruta absoluta: C:\Users\EQUIPO\Desktop\HLC\practica-1\fichero.txt, ruta relativa: C:\Users\EQUIPO\Desktop\HLC\practica-1\fichero.txt
2024-10-04 10:00:51.509 [main] DEBUG files.Ficheros - Nombre: miDirectorio, tamaño: 0, directorio padre: C:\Users\EQUIPO\Desktop\HLC\practica-1, ruta absoluta: C:\Users\EQUIPO\Desktop\HLC\practica-1\miDirectorio, ruta relativa: C:\Users\EQUIPO\Desktop\HLC\practica-1\miDirectorio
2024-10-04 10:00:51.509 [main] DEBUG files.Ficheros - Numero de archivos: 5
2024-10-04 10:00:51.509 [main] DEBUG files.Ficheros - Numero de archivos: 5
2024-10-04 10:00:51.510 [main] DEBUG files.Ficheros - Numero de archivos: 6
2024-10-04 10:00:51.510 [main] DEBUG files.Ficheros - Nombre: fichero2.txt, permiso de lectura: true, permiso de escritura: true, permiso de ejecución: true
2024-10-04 10:01:39.861 [main] DEBUG files.Ficheros - Nombre: AdivinaNumero.css, tamaño: 1915, directorio padre: C:\Users\EQUIPO\Desktop\HLC\practica-1, ruta absoluta: C:\Users\EQUIPO\Desktop\HLC\practica-1\AdivinaNumero.css, ruta relativa: C:\Users\EQUIPO\Desktop\HLC\practica-1\AdivinaNumero.css
2024-10-04 10:01:39.863 [main] DEBUG files.Ficheros - Nombre: AdivinaNumero.html, tamaño: 723, directorio padre: C:\Users\EQUIPO\Desktop\HLC\practica-1, ruta absoluta: C:\Users\EQUIPO\Desktop\HLC\practica-1\AdivinaNumero.html, ruta relativa: C:\Users\EQUIPO\Desktop\HLC\practica-1\AdivinaNumero.html
2024-10-04 10:01:39.864 [main] DEBUG files.Ficheros - Nombre: AdivinaNumero.js, tamaño: 2853, directorio padre: C:\Users\EQUIPO\Desktop\HLC\practica-1, ruta absoluta: C:\Users\EQUIPO\Desktop\HLC\practica-1\AdivinaNumero.js, ruta relativa: C:\Users\EQUIPO\Desktop\HLC\practica-1\AdivinaNumero.js
2024-10-04 10:01:39.864 [main] DEBUG files.Ficheros - Nombre: fichero.txt, tamaño: 0, directorio padre: C:\Users\EQUIPO\Desktop\HLC\practica-1, ruta absoluta: C:\Users\EQUIPO\Desktop\HLC\practica-1\fichero.txt, ruta relativa: C:\Users\EQUIPO\Desktop\HLC\practica-1\fichero.txt
2024-10-04 10:01:39.864 [main] DEBUG files.Ficheros - Nombre: fichero2.txt, tamaño: 0, directorio padre: C:\Users\EQUIPO\Desktop\HLC\practica-1, ruta absoluta: C:\Users\EQUIPO\Desktop\HLC\practica-1\fichero2.txt, ruta relativa: C:\Users\EQUIPO\Desktop\HLC\practica-1\fichero2.txt
2024-10-04 10:01:39.864 [main] DEBUG files.Ficheros - Nombre: miDirectorio, tamaño: 0, directorio padre: C:\Users\EQUIPO\Desktop\HLC\practica-1, ruta absoluta: C:\Users\EQUIPO\Desktop\HLC\practica-1\miDirectorio, ruta relativa: C:\Users\EQUIPO\Desktop\HLC\practica-1\miDirectorio
2024-10-04 10:01:39.864 [main] DEBUG files.Ficheros - Numero de archivos: 6
2024-10-04 10:01:39.864 [main] DEBUG files.Ficheros - Numero de archivos: 6
2024-10-04 10:01:39.865 [main] DEBUG files.Ficheros - Numero de archivos: 6
2024-10-04 10:01:39.865 [main] DEBUG files.Ficheros - Nombre: fichero2.txt, permiso de lectura: true, permiso de escritura: false, permiso de ejecución: true
2024-10-04 10:07:24.924 [main] DEBUG files.Ficheros - Nombre: AdivinaNumero.css, tamaño: 1915, directorio padre: C:\Users\EQUIPO\Desktop\HLC\practica-1, ruta absoluta: C:\Users\EQUIPO\Desktop\HLC\practica-1\AdivinaNumero.css, ruta relativa: C:\Users\EQUIPO\Desktop\HLC\practica-1\AdivinaNumero.css
2024-10-04 10:07:24.926 [main] DEBUG files.Ficheros - Nombre: AdivinaNumero.html, tamaño: 723, directorio padre: C:\Users\EQUIPO\Desktop\HLC\practica-1, ruta absoluta: C:\Users\EQUIPO\Desktop\HLC\practica-1\AdivinaNumero.html, ruta relativa: C:\Users\EQUIPO\Desktop\HLC\practica-1\AdivinaNumero.html
2024-10-04 10:07:24.926 [main] DEBUG files.Ficheros - Nombre: AdivinaNumero.js, tamaño: 2853, directorio padre: C:\Users\EQUIPO\Desktop\HLC\practica-1, ruta absoluta: C:\Users\EQUIPO\Desktop\HLC\practica-1\AdivinaNumero.js, ruta relativa: C:\Users\EQUIPO\Desktop\HLC\practica-1\AdivinaNumero.js
2024-10-04 10:07:24.926 [main] DEBUG files.Ficheros - Nombre: fichero.txt, tamaño: 0, directorio padre: C:\Users\EQUIPO\Desktop\HLC\practica-1, ruta absoluta: C:\Users\EQUIPO\Desktop\HLC\practica-1\fichero.txt, ruta relativa: C:\Users\EQUIPO\Desktop\HLC\practica-1\fichero.txt
2024-10-04 10:07:24.926 [main] DEBUG files.Ficheros - Nombre: fichero2.txt, tamaño: 0, directorio padre: C:\Users\EQUIPO\Desktop\HLC\practica-1, ruta absoluta: C:\Users\EQUIPO\Desktop\HLC\practica-1\fichero2.txt, ruta relativa: C:\Users\EQUIPO\Desktop\HLC\practica-1\fichero2.txt
2024-10-04 10:07:24.926 [main] DEBUG files.Ficheros - Nombre: miDirectorio, tamaño: 0, directorio padre: C:\Users\EQUIPO\Desktop\HLC\practica-1, ruta absoluta: C:\Users\EQUIPO\Desktop\HLC\practica-1\miDirectorio, ruta relativa: C:\Users\EQUIPO\Desktop\HLC\practica-1\miDirectorio
2024-10-04 10:07:24.927 [main] DEBUG files.Ficheros - Numero de archivos: 6
2024-10-04 10:07:24.927 [main] DEBUG files.Ficheros - Numero de archivos: 6
2024-10-04 10:07:24.927 [main] DEBUG files.Ficheros - Numero de archivos: 6
2024-10-04 10:07:24.927 [main] DEBUG files.Ficheros - Nombre: fichero2.txt, permiso de lectura: true, permiso de escritura: false, permiso de ejecución: true
2024-10-04 10:07:32.191 [main] DEBUG files.Ficheros - Nombre: AdivinaNumero.css, tamaño: 1915, directorio padre: C:\Users\EQUIPO\Desktop\HLC\practica-1, ruta absoluta: C:\Users\EQUIPO\Desktop\HLC\practica-1\AdivinaNumero.css, ruta relativa: C:\Users\EQUIPO\Desktop\HLC\practica-1\AdivinaNumero.css
2024-10-04 10:07:32.193 [main] DEBUG files.Ficheros - Nombre: AdivinaNumero.html, tamaño: 723, directorio padre: C:\Users\EQUIPO\Desktop\HLC\practica-1, ruta absoluta: C:\Users\EQUIPO\Desktop\HLC\practica-1\AdivinaNumero.html, ruta relativa: C:\Users\EQUIPO\Desktop\HLC\practica-1\AdivinaNumero.html
2024-10-04 10:07:32.193 [main] DEBUG files.Ficheros - Nombre: AdivinaNumero.js, tamaño: 2853, directorio padre: C:\Users\EQUIPO\Desktop\HLC\practica-1, ruta absoluta: C:\Users\EQUIPO\Desktop\HLC\practica-1\AdivinaNumero.js, ruta relativa: C:\Users\EQUIPO\Desktop\HLC\practica-1\AdivinaNumero.js
2024-10-04 10:07:32.193 [main] DEBUG files.Ficheros - Nombre: fichero.txt, tamaño: 0, directorio padre: C:\Users\EQUIPO\Desktop\HLC\practica-1, ruta absoluta: C:\Users\EQUIPO\Desktop\HLC\practica-1\fichero.txt, ruta relativa: C:\Users\EQUIPO\Desktop\HLC\practica-1\fichero.txt
2024-10-04 10:07:32.193 [main] DEBUG files.Ficheros - Nombre: fichero2.txt, tamaño: 0, directorio padre: C:\Users\EQUIPO\Desktop\HLC\practica-1, ruta absoluta: C:\Users\EQUIPO\Desktop\HLC\practica-1\fichero2.txt, ruta relativa: C:\Users\EQUIPO\Desktop\HLC\practica-1\fichero2.txt
2024-10-04 10:07:32.193 [main] DEBUG files.Ficheros - Nombre: miDirectorio, tamaño: 0, directorio padre: C:\Users\EQUIPO\Desktop\HLC\practica-1, ruta absoluta: C:\Users\EQUIPO\Desktop\HLC\practica-1\miDirectorio, ruta relativa: C:\Users\EQUIPO\Desktop\HLC\practica-1\miDirectorio
2024-10-04 10:07:32.194 [main] DEBUG files.Ficheros - Numero de archivos: 6
2024-10-04 10:07:32.194 [main] DEBUG files.Ficheros - Numero de archivos: 6
2024-10-04 10:07:32.194 [main] DEBUG files.Ficheros - Numero de archivos: 6
2024-10-04 10:07:32.194 [main] DEBUG files.Ficheros - Nombre: fichero2.txt, permiso de lectura: true, permiso de escritura: false, permiso de ejecución: true
2024-10-04 10:07:58.175 [main] DEBUG files.Ficheros - Nombre: AdivinaNumero.css, tamaño: 1915, directorio padre: C:\Users\EQUIPO\Desktop\HLC\practica-1, ruta absoluta: C:\Users\EQUIPO\Desktop\HLC\practica-1\AdivinaNumero.css, ruta relativa: C:\Users\EQUIPO\Desktop\HLC\practica-1\AdivinaNumero.css
2024-10-04 10:07:58.177 [main] DEBUG files.Ficheros - Nombre: AdivinaNumero.html, tamaño: 723, directorio padre: C:\Users\EQUIPO\Desktop\HLC\practica-1, ruta absoluta: C:\Users\EQUIPO\Desktop\HLC\practica-1\AdivinaNumero.html, ruta relativa: C:\Users\EQUIPO\Desktop\HLC\practica-1\AdivinaNumero.html
2024-10-04 10:07:58.177 [main] DEBUG files.Ficheros - Nombre: AdivinaNumero.js, tamaño: 2853, directorio padre: C:\Users\EQUIPO\Desktop\HLC\practica-1, ruta absoluta: C:\Users\EQUIPO\Desktop\HLC\practica-1\AdivinaNumero.js, ruta relativa: C:\Users\EQUIPO\Desktop\HLC\practica-1\AdivinaNumero.js
2024-10-04 10:07:58.177 [main] DEBUG files.Ficheros - Nombre: fichero.txt, tamaño: 0, directorio padre: C:\Users\EQUIPO\Desktop\HLC\practica-1, ruta absoluta: C:\Users\EQUIPO\Desktop\HLC\practica-1\fichero.txt, ruta relativa: C:\Users\EQUIPO\Desktop\HLC\practica-1\fichero.txt
2024-10-04 10:07:58.177 [main] DEBUG files.Ficheros - Nombre: fichero2.txt, tamaño: 0, directorio padre: C:\Users\EQUIPO\Desktop\HLC\practica-1, ruta absoluta: C:\Users\EQUIPO\Desktop\HLC\practica-1\fichero2.txt, ruta relativa: C:\Users\EQUIPO\Desktop\HLC\practica-1\fichero2.txt
2024-10-04 10:07:58.177 [main] DEBUG files.Ficheros - Nombre: miDirectorio, tamaño: 0, directorio padre: C:\Users\EQUIPO\Desktop\HLC\practica-1, ruta absoluta: C:\Users\EQUIPO\Desktop\HLC\practica-1\miDirectorio, ruta relativa: C:\Users\EQUIPO\Desktop\HLC\practica-1\miDirectorio
2024-10-04 10:07:58.177 [main] DEBUG files.Ficheros - Numero de archivos: 6
2024-10-04 10:07:58.178 [main] DEBUG files.Ficheros - Numero de archivos: 6
2024-10-04 10:07:58.178 [main] DEBUG files.Ficheros - Numero de archivos: 6
2024-10-04 10:07:58.178 [main] DEBUG files.Ficheros - Nombre: fichero2.txt, permiso de lectura: true, permiso de escritura: false, permiso de ejecución: true
2024-10-04 10:25:58.952 [main] DEBUG files.Ficheros - Nombre: AdivinaNumero.css, tamaño: 1915, directorio padre: C:\Users\EQUIPO\Desktop\HLC\practica-1, ruta absoluta: C:\Users\EQUIPO\Desktop\HLC\practica-1\AdivinaNumero.css, ruta relativa: C:\Users\EQUIPO\Desktop\HLC\practica-1\AdivinaNumero.css
2024-10-04 10:25:58.954 [main] DEBUG files.Ficheros - Nombre: AdivinaNumero.html, tamaño: 723, directorio padre: C:\Users\EQUIPO\Desktop\HLC\practica-1, ruta absoluta: C:\Users\EQUIPO\Desktop\HLC\practica-1\AdivinaNumero.html, ruta relativa: C:\Users\EQUIPO\Desktop\HLC\practica-1\AdivinaNumero.html
2024-10-04 10:25:58.954 [main] DEBUG files.Ficheros - Nombre: AdivinaNumero.js, tamaño: 2853, directorio padre: C:\Users\EQUIPO\Desktop\HLC\practica-1, ruta absoluta: C:\Users\EQUIPO\Desktop\HLC\practica-1\AdivinaNumero.js, ruta relativa: C:\Users\EQUIPO\Desktop\HLC\practica-1\AdivinaNumero.js
2024-10-04 10:25:58.955 [main] DEBUG files.Ficheros - Nombre: fichero.txt, tamaño: 0, directorio padre: C:\Users\EQUIPO\Desktop\HLC\practica-1, ruta absoluta: C:\Users\EQUIPO\Desktop\HLC\practica-1\fichero.txt, ruta relativa: C:\Users\EQUIPO\Desktop\HLC\practica-1\fichero.txt
2024-10-04 10:25:58.955 [main] DEBUG files.Ficheros - Nombre: fichero2.txt, tamaño: 0, directorio padre: C:\Users\EQUIPO\Desktop\HLC\practica-1, ruta absoluta: C:\Users\EQUIPO\Desktop\HLC\practica-1\fichero2.txt, ruta relativa: C:\Users\EQUIPO\Desktop\HLC\practica-1\fichero2.txt
2024-10-04 10:25:58.955 [main] DEBUG files.Ficheros - Nombre: miDirectorio, tamaño: 0, directorio padre: C:\Users\EQUIPO\Desktop\HLC\practica-1, ruta absoluta: C:\Users\EQUIPO\Desktop\HLC\practica-1\miDirectorio, ruta relativa: C:\Users\EQUIPO\Desktop\HLC\practica-1\miDirectorio
2024-10-04 10:25:58.955 [main] DEBUG files.Ficheros - Numero de archivos: 6
2024-10-04 10:25:58.955 [main] DEBUG files.Ficheros - Numero de archivos: 6
2024-10-04 10:25:58.956 [main] DEBUG files.Ficheros - Numero de archivos: 6
2024-10-04 10:25:58.956 [main] DEBUG files.Ficheros - Nombre: fichero2.txt, permiso de lectura: true, permiso de escritura: false, permiso de ejecución: true
2024-10-04 10:26:42.664 [main] DEBUG files.Ficheros - Nombre: AdivinaNumero.css, tamaño: 1915, directorio padre: C:\Users\EQUIPO\Desktop\HLC\practica-1, ruta absoluta: C:\Users\EQUIPO\Desktop\HLC\practica-1\AdivinaNumero.css, ruta relativa: C:\Users\EQUIPO\Desktop\HLC\practica-1\AdivinaNumero.css
2024-10-04 10:26:42.666 [main] DEBUG files.Ficheros - Nombre: AdivinaNumero.html, tamaño: 723, directorio padre: C:\Users\EQUIPO\Desktop\HLC\practica-1, ruta absoluta: C:\Users\EQUIPO\Desktop\HLC\practica-1\AdivinaNumero.html, ruta relativa: C:\Users\EQUIPO\Desktop\HLC\practica-1\AdivinaNumero.html
2024-10-04 10:26:42.666 [main] DEBUG files.Ficheros - Nombre: AdivinaNumero.js, tamaño: 2853, directorio padre: C:\Users\EQUIPO\Desktop\HLC\practica-1, ruta absoluta: C:\Users\EQUIPO\Desktop\HLC\practica-1\AdivinaNumero.js, ruta relativa: C:\Users\EQUIPO\Desktop\HLC\practica-1\AdivinaNumero.js
2024-10-04 10:26:42.666 [main] DEBUG files.Ficheros - Nombre: fichero.txt, tamaño: 0, directorio padre: C:\Users\EQUIPO\Desktop\HLC\practica-1, ruta absoluta: C:\Users\EQUIPO\Desktop\HLC\practica-1\fichero.txt, ruta relativa: C:\Users\EQUIPO\Desktop\HLC\practica-1\fichero.txt
2024-10-04 10:26:42.667 [main] DEBUG files.Ficheros - Nombre: fichero2.txt, tamaño: 0, directorio padre: C:\Users\EQUIPO\Desktop\HLC\practica-1, ruta absoluta: C:\Users\EQUIPO\Desktop\HLC\practica-1\fichero2.txt, ruta relativa: C:\Users\EQUIPO\Desktop\HLC\practica-1\fichero2.txt
2024-10-04 10:26:42.667 [main] DEBUG files.Ficheros - Nombre: miDirectorio, tamaño: 0, directorio padre: C:\Users\EQUIPO\Desktop\HLC\practica-1, ruta absoluta: C:\Users\EQUIPO\Desktop\HLC\practica-1\miDirectorio, ruta relativa: C:\Users\EQUIPO\Desktop\HLC\practica-1\miDirectorio
2024-10-04 10:26:42.667 [main] DEBUG files.Ficheros - Numero de archivos: 6
2024-10-04 10:26:42.667 [main] DEBUG files.Ficheros - Numero de archivos: 6
2024-10-04 10:26:42.667 [main] DEBUG files.Ficheros - Numero de archivos: 6
2024-10-04 10:26:42.668 [main] DEBUG files.Ficheros - Nombre: fichero.txt, permiso de lectura: true, permiso de escritura: true, permiso de ejecución: true
2024-10-04 10:26:50.614 [main] DEBUG files.Ficheros - Nombre: AdivinaNumero.css, tamaño: 1915, directorio padre: C:\Users\EQUIPO\Desktop\HLC\practica-1, ruta absoluta: C:\Users\EQUIPO\Desktop\HLC\practica-1\AdivinaNumero.css, ruta relativa: C:\Users\EQUIPO\Desktop\HLC\practica-1\AdivinaNumero.css
2024-10-04 10:26:50.616 [main] DEBUG files.Ficheros - Nombre: AdivinaNumero.html, tamaño: 723, directorio padre: C:\Users\EQUIPO\Desktop\HLC\practica-1, ruta absoluta: C:\Users\EQUIPO\Desktop\HLC\practica-1\AdivinaNumero.html, ruta relativa: C:\Users\EQUIPO\Desktop\HLC\practica-1\AdivinaNumero.html
2024-10-04 10:26:50.617 [main] DEBUG files.Ficheros - Nombre: AdivinaNumero.js, tamaño: 2853, directorio padre: C:\Users\EQUIPO\Desktop\HLC\practica-1, ruta absoluta: C:\Users\EQUIPO\Desktop\HLC\practica-1\AdivinaNumero.js, ruta relativa: C:\Users\EQUIPO\Desktop\HLC\practica-1\AdivinaNumero.js
2024-10-04 10:26:50.617 [main] DEBUG files.Ficheros - Nombre: fichero.txt, tamaño: 0, directorio padre: C:\Users\EQUIPO\Desktop\HLC\practica-1, ruta absoluta: C:\Users\EQUIPO\Desktop\HLC\practica-1\fichero.txt, ruta relativa: C:\Users\EQUIPO\Desktop\HLC\practica-1\fichero.txt
2024-10-04 10:26:50.617 [main] DEBUG files.Ficheros - Nombre: fichero2.txt, tamaño: 0, directorio padre: C:\Users\EQUIPO\Desktop\HLC\practica-1, ruta absoluta: C:\Users\EQUIPO\Desktop\HLC\practica-1\fichero2.txt, ruta relativa: C:\Users\EQUIPO\Desktop\HLC\practica-1\fichero2.txt
2024-10-04 10:26:50.617 [main] DEBUG files.Ficheros - Nombre: miDirectorio, tamaño: 0, directorio padre: C:\Users\EQUIPO\Desktop\HLC\practica-1, ruta absoluta: C:\Users\EQUIPO\Desktop\HLC\practica-1\miDirectorio, ruta relativa: C:\Users\EQUIPO\Desktop\HLC\practica-1\miDirectorio
2024-10-04 10:26:50.617 [main] DEBUG files.Ficheros - Numero de archivos: 6
2024-10-04 10:26:50.617 [main] DEBUG files.Ficheros - Numero de archivos: 6
2024-10-04 10:26:50.618 [main] DEBUG files.Ficheros - Numero de archivos: 6
2024-10-04 10:26:50.618 [main] DEBUG files.Ficheros - Nombre: fichero2.txt, permiso de lectura: true, permiso de escritura: false, permiso de ejecución: true
2024-10-04 10:44:33.975 [main] DEBUG files.Ficheros - Nombre: AdivinaNumero.css, tamaño: 1915, directorio padre: C:\Users\EQUIPO\Desktop\HLC\practica-1, ruta absoluta: C:\Users\EQUIPO\Desktop\HLC\practica-1\AdivinaNumero.css, ruta relativa: C:\Users\EQUIPO\Desktop\HLC\practica-1\AdivinaNumero.css
2024-10-04 10:44:33.977 [main] DEBUG files.Ficheros - Nombre: AdivinaNumero.html, tamaño: 723, directorio padre: C:\Users\EQUIPO\Desktop\HLC\practica-1, ruta absoluta: C:\Users\EQUIPO\Desktop\HLC\practica-1\AdivinaNumero.html, ruta relativa: C:\Users\EQUIPO\Desktop\HLC\practica-1\AdivinaNumero.html
2024-10-04 10:44:33.977 [main] DEBUG files.Ficheros - Nombre: AdivinaNumero.js, tamaño: 2853, directorio padre: C:\Users\EQUIPO\Desktop\HLC\practica-1, ruta absoluta: C:\Users\EQUIPO\Desktop\HLC\practica-1\AdivinaNumero.js, ruta relativa: C:\Users\EQUIPO\Desktop\HLC\practica-1\AdivinaNumero.js
2024-10-04 10:44:33.978 [main] DEBUG files.Ficheros - Nombre: fichero.txt, tamaño: 0, directorio padre: C:\Users\EQUIPO\Desktop\HLC\practica-1, ruta absoluta: C:\Users\EQUIPO\Desktop\HLC\practica-1\fichero.txt, ruta relativa: C:\Users\EQUIPO\Desktop\HLC\practica-1\fichero.txt
2024-10-04 10:44:33.978 [main] DEBUG files.Ficheros - Nombre: fichero2.txt, tamaño: 0, directorio padre: C:\Users\EQUIPO\Desktop\HLC\practica-1, ruta absoluta: C:\Users\EQUIPO\Desktop\HLC\practica-1\fichero2.txt, ruta relativa: C:\Users\EQUIPO\Desktop\HLC\practica-1\fichero2.txt
2024-10-04 10:44:33.978 [main] DEBUG files.Ficheros - Nombre: miDirectorio, tamaño: 0, directorio padre: C:\Users\EQUIPO\Desktop\HLC\practica-1, ruta absoluta: C:\Users\EQUIPO\Desktop\HLC\practica-1\miDirectorio, ruta relativa: C:\Users\EQUIPO\Desktop\HLC\practica-1\miDirectorio
2024-10-04 10:44:33.978 [main] DEBUG files.Ficheros - Numero de archivos: 6
2024-10-04 10:44:33.978 [main] DEBUG files.Ficheros - Numero de archivos: 6
2024-10-04 10:44:33.979 [main] DEBUG files.Ficheros - Numero de archivos: 6
2024-10-04 10:44:33.979 [main] DEBUG files.Ficheros - Nombre: fichero2.txt, permiso de lectura: true, permiso de escritura: false, permiso de ejecución: true
2024-10-04 10:46:16.943 [main] DEBUG files.Ficheros - Nombre: AdivinaNumero.css, tamaño: 1915, directorio padre: C:\Users\EQUIPO\Desktop\HLC\practica-1, ruta absoluta: C:\Users\EQUIPO\Desktop\HLC\practica-1\AdivinaNumero.css, ruta relativa: C:\Users\EQUIPO\Desktop\HLC\practica-1\AdivinaNumero.css
2024-10-04 10:46:16.945 [main] DEBUG files.Ficheros - Nombre: AdivinaNumero.html, tamaño: 723, directorio padre: C:\Users\EQUIPO\Desktop\HLC\practica-1, ruta absoluta: C:\Users\EQUIPO\Desktop\HLC\practica-1\AdivinaNumero.html, ruta relativa: C:\Users\EQUIPO\Desktop\HLC\practica-1\AdivinaNumero.html
2024-10-04 10:46:16.945 [main] DEBUG files.Ficheros - Nombre: AdivinaNumero.js, tamaño: 2853, directorio padre: C:\Users\EQUIPO\Desktop\HLC\practica-1, ruta absoluta: C:\Users\EQUIPO\Desktop\HLC\practica-1\AdivinaNumero.js, ruta relativa: C:\Users\EQUIPO\Desktop\HLC\practica-1\AdivinaNumero.js
2024-10-04 10:46:16.945 [main] DEBUG files.Ficheros - Nombre: fichero.txt, tamaño: 0, directorio padre: C:\Users\EQUIPO\Desktop\HLC\practica-1, ruta absoluta: C:\Users\EQUIPO\Desktop\HLC\practica-1\fichero.txt, ruta relativa: C:\Users\EQUIPO\Desktop\HLC\practica-1\fichero.txt
2024-10-04 10:46:16.945 [main] DEBUG files.Ficheros - Nombre: fichero2.txt, tamaño: 0, directorio padre: C:\Users\EQUIPO\Desktop\HLC\practica-1, ruta absoluta: C:\Users\EQUIPO\Desktop\HLC\practica-1\fichero2.txt, ruta relativa: C:\Users\EQUIPO\Desktop\HLC\practica-1\fichero2.txt
2024-10-04 10:46:16.946 [main] DEBUG files.Ficheros - Nombre: miDirectorio, tamaño: 0, directorio padre: C:\Users\EQUIPO\Desktop\HLC\practica-1, ruta absoluta: C:\Users\EQUIPO\Desktop\HLC\practica-1\miDirectorio, ruta relativa: C:\Users\EQUIPO\Desktop\HLC\practica-1\miDirectorio
2024-10-04 10:46:16.946 [main] DEBUG files.Ficheros - Numero de archivos: 6
2024-10-04 10:46:16.946 [main] DEBUG files.Ficheros - Numero de archivos: 6
2024-10-04 10:46:16.946 [main] DEBUG files.Ficheros - Numero de archivos: 6
2024-10-04 10:46:16.946 [main] DEBUG files.Ficheros - Nombre: fichero2.txt, permiso de lectura: true, permiso de escritura: false, permiso de ejecución: true
2024-10-04 10:46:16.947 [main] DEBUG files.Ficheros - El archivo original no existe
2024-10-04 10:46:36.129 [main] DEBUG files.Ficheros - Nombre: AdivinaNumero.css, tamaño: 1915, directorio padre: C:\Users\EQUIPO\Desktop\HLC\practica-1, ruta absoluta: C:\Users\EQUIPO\Desktop\HLC\practica-1\AdivinaNumero.css, ruta relativa: C:\Users\EQUIPO\Desktop\HLC\practica-1\AdivinaNumero.css
2024-10-04 10:46:36.130 [main] DEBUG files.Ficheros - Nombre: AdivinaNumero.html, tamaño: 723, directorio padre: C:\Users\EQUIPO\Desktop\HLC\practica-1, ruta absoluta: C:\Users\EQUIPO\Desktop\HLC\practica-1\AdivinaNumero.html, ruta relativa: C:\Users\EQUIPO\Desktop\HLC\practica-1\AdivinaNumero.html
2024-10-04 10:46:36.131 [main] DEBUG files.Ficheros - Nombre: AdivinaNumero.js, tamaño: 2853, directorio padre: C:\Users\EQUIPO\Desktop\HLC\practica-1, ruta absoluta: C:\Users\EQUIPO\Desktop\HLC\practica-1\AdivinaNumero.js, ruta relativa: C:\Users\EQUIPO\Desktop\HLC\practica-1\AdivinaNumero.js
2024-10-04 10:46:36.131 [main] DEBUG files.Ficheros - Nombre: fichero.txt, tamaño: 0, directorio padre: C:\Users\EQUIPO\Desktop\HLC\practica-1, ruta absoluta: C:\Users\EQUIPO\Desktop\HLC\practica-1\fichero.txt, ruta relativa: C:\Users\EQUIPO\Desktop\HLC\practica-1\fichero.txt
2024-10-04 10:46:36.131 [main] DEBUG files.Ficheros - Nombre: fichero2.txt, tamaño: 0, directorio padre: C:\Users\EQUIPO\Desktop\HLC\practica-1, ruta absoluta: C:\Users\EQUIPO\Desktop\HLC\practica-1\fichero2.txt, ruta relativa: C:\Users\EQUIPO\Desktop\HLC\practica-1\fichero2.txt
2024-10-04 10:46:36.131 [main] DEBUG files.Ficheros - Nombre: miDirectorio, tamaño: 0, directorio padre: C:\Users\EQUIPO\Desktop\HLC\practica-1, ruta absoluta: C:\Users\EQUIPO\Desktop\HLC\practica-1\miDirectorio, ruta relativa: C:\Users\EQUIPO\Desktop\HLC\practica-1\miDirectorio
2024-10-04 10:46:36.131 [main] DEBUG files.Ficheros - Numero de archivos: 6
2024-10-04 10:46:36.132 [main] DEBUG files.Ficheros - Numero de archivos: 6
2024-10-04 10:46:36.132 [main] DEBUG files.Ficheros - Numero de archivos: 6
2024-10-04 10:46:36.132 [main] DEBUG files.Ficheros - Nombre: fichero2.txt, permiso de lectura: true, permiso de escritura: false, permiso de ejecución: true
2024-10-04 10:46:36.132 [main] DEBUG files.Ficheros - Nombre del archivo cambiado a archivoRenombrado
2024-10-04 10:51:32.549 [main] DEBUG files.Ficheros - Nombre: AdivinaNumero.css, tamaño: 1915, directorio padre: C:\Users\EQUIPO\Desktop\HLC\practica-1, ruta absoluta: C:\Users\EQUIPO\Desktop\HLC\practica-1\AdivinaNumero.css, ruta relativa: C:\Users\EQUIPO\Desktop\HLC\practica-1\AdivinaNumero.css
2024-10-04 10:51:32.551 [main] DEBUG files.Ficheros - Nombre: AdivinaNumero.html, tamaño: 723, directorio padre: C:\Users\EQUIPO\Desktop\HLC\practica-1, ruta absoluta: C:\Users\EQUIPO\Desktop\HLC\practica-1\AdivinaNumero.html, ruta relativa: C:\Users\EQUIPO\Desktop\HLC\practica-1\AdivinaNumero.html
2024-10-04 10:51:32.552 [main] DEBUG files.Ficheros - Nombre: AdivinaNumero.js, tamaño: 2853, directorio padre: C:\Users\EQUIPO\Desktop\HLC\practica-1, ruta absoluta: C:\Users\EQUIPO\Desktop\HLC\practica-1\AdivinaNumero.js, ruta relativa: C:\Users\EQUIPO\Desktop\HLC\practica-1\AdivinaNumero.js
2024-10-04 10:51:32.552 [main] DEBUG files.Ficheros - Nombre: archivoRenombrado, tamaño: 0, directorio padre: C:\Users\EQUIPO\Desktop\HLC\practica-1, ruta absoluta: C:\Users\EQUIPO\Desktop\HLC\practica-1\archivoRenombrado, ruta relativa: C:\Users\EQUIPO\Desktop\HLC\practica-1\archivoRenombrado
2024-10-04 10:51:32.552 [main] DEBUG files.Ficheros - Nombre: fichero2.txt, tamaño: 0, directorio padre: C:\Users\EQUIPO\Desktop\HLC\practica-1, ruta absoluta: C:\Users\EQUIPO\Desktop\HLC\practica-1\fichero2.txt, ruta relativa: C:\Users\EQUIPO\Desktop\HLC\practica-1\fichero2.txt
2024-10-04 10:51:32.552 [main] DEBUG files.Ficheros - Nombre: miDirectorio, tamaño: 0, directorio padre: C:\Users\EQUIPO\Desktop\HLC\practica-1, ruta absoluta: C:\Users\EQUIPO\Desktop\HLC\practica-1\miDirectorio, ruta relativa: C:\Users\EQUIPO\Desktop\HLC\practica-1\miDirectorio
2024-10-04 10:51:32.552 [main] DEBUG files.Ficheros - Numero de archivos: 6
2024-10-04 10:51:32.553 [main] DEBUG files.Ficheros - Numero de archivos: 6
2024-10-04 10:51:32.553 [main] DEBUG files.Ficheros - Numero de archivos: 7
2024-10-04 10:51:32.553 [main] DEBUG files.Ficheros - Nombre: fichero2.txt, permiso de lectura: true, permiso de escritura: false, permiso de ejecución: true
2024-10-04 10:51:32.553 [main] DEBUG files.Ficheros - Nombre del archivo cambiado a archivoRenombrado
2024-10-04 10:51:32.554 [main] DEBUG files.Ficheros - El fichero no existe.
2024-10-04 10:51:38.750 [main] DEBUG files.Ficheros - Nombre: AdivinaNumero.css, tamaño: 1915, directorio padre: C:\Users\EQUIPO\Desktop\HLC\practica-1, ruta absoluta: C:\Users\EQUIPO\Desktop\HLC\practica-1\AdivinaNumero.css, ruta relativa: C:\Users\EQUIPO\Desktop\HLC\practica-1\AdivinaNumero.css
2024-10-04 10:51:38.753 [main] DEBUG files.Ficheros - Nombre: AdivinaNumero.html, tamaño: 723, directorio padre: C:\Users\EQUIPO\Desktop\HLC\practica-1, ruta absoluta: C:\Users\EQUIPO\Desktop\HLC\practica-1\AdivinaNumero.html, ruta relativa: C:\Users\EQUIPO\Desktop\HLC\practica-1\AdivinaNumero.html
2024-10-04 10:51:38.753 [main] DEBUG files.Ficheros - Nombre: AdivinaNumero.js, tamaño: 2853, directorio padre: C:\Users\EQUIPO\Desktop\HLC\practica-1, ruta absoluta: C:\Users\EQUIPO\Desktop\HLC\practica-1\AdivinaNumero.js, ruta relativa: C:\Users\EQUIPO\Desktop\HLC\practica-1\AdivinaNumero.js
2024-10-04 10:51:38.753 [main] DEBUG files.Ficheros - Nombre: archivoRenombrado, tamaño: 0, directorio padre: C:\Users\EQUIPO\Desktop\HLC\practica-1, ruta absoluta: C:\Users\EQUIPO\Desktop\HLC\practica-1\archivoRenombrado, ruta relativa: C:\Users\EQUIPO\Desktop\HLC\practica-1\archivoRenombrado
2024-10-04 10:51:38.753 [main] DEBUG files.Ficheros - Nombre: fichero.txt, tamaño: 0, directorio padre: C:\Users\EQUIPO\Desktop\HLC\practica-1, ruta absoluta: C:\Users\EQUIPO\Desktop\HLC\practica-1\fichero.txt, ruta relativa: C:\Users\EQUIPO\Desktop\HLC\practica-1\fichero.txt
2024-10-04 10:51:38.753 [main] DEBUG files.Ficheros - Nombre: fichero2.txt, tamaño: 0, directorio padre: C:\Users\EQUIPO\Desktop\HLC\practica-1, ruta absoluta: C:\Users\EQUIPO\Desktop\HLC\practica-1\fichero2.txt, ruta relativa: C:\Users\EQUIPO\Desktop\HLC\practica-1\fichero2.txt
2024-10-04 10:51:38.753 [main] DEBUG files.Ficheros - Nombre: miDirectorio, tamaño: 0, directorio padre: C:\Users\EQUIPO\Desktop\HLC\practica-1, ruta absoluta: C:\Users\EQUIPO\Desktop\HLC\practica-1\miDirectorio, ruta relativa: C:\Users\EQUIPO\Desktop\HLC\practica-1\miDirectorio
2024-10-04 10:51:38.754 [main] DEBUG files.Ficheros - Numero de archivos: 7
2024-10-04 10:51:38.754 [main] DEBUG files.Ficheros - Numero de archivos: 7
2024-10-04 10:51:38.754 [main] DEBUG files.Ficheros - Numero de archivos: 7
2024-10-04 10:51:38.754 [main] DEBUG files.Ficheros - Nombre: fichero2.txt, permiso de lectura: true, permiso de escritura: false, permiso de ejecución: true
2024-10-04 10:51:38.754 [main] DEBUG files.Ficheros - Nombre del archivo cambiado a archivoRenombrado
2024-10-04 10:51:38.755 [main] DEBUG files.Ficheros - El fichero fichero.txt ha sido borrado correctamente.
2024-10-04 10:52:08.648 [main] DEBUG files.Ficheros - Nombre: AdivinaNumero.css, tamaño: 1915, directorio padre: C:\Users\EQUIPO\Desktop\HLC\practica-1, ruta absoluta: C:\Users\EQUIPO\Desktop\HLC\practica-1\AdivinaNumero.css, ruta relativa: C:\Users\EQUIPO\Desktop\HLC\practica-1\AdivinaNumero.css
2024-10-04 10:52:08.650 [main] DEBUG files.Ficheros - Nombre: AdivinaNumero.html, tamaño: 723, directorio padre: C:\Users\EQUIPO\Desktop\HLC\practica-1, ruta absoluta: C:\Users\EQUIPO\Desktop\HLC\practica-1\AdivinaNumero.html, ruta relativa: C:\Users\EQUIPO\Desktop\HLC\practica-1\AdivinaNumero.html
2024-10-04 10:52:08.650 [main] DEBUG files.Ficheros - Nombre: AdivinaNumero.js, tamaño: 2853, directorio padre: C:\Users\EQUIPO\Desktop\HLC\practica-1, ruta absoluta: C:\Users\EQUIPO\Desktop\HLC\practica-1\AdivinaNumero.js, ruta relativa: C:\Users\EQUIPO\Desktop\HLC\practica-1\AdivinaNumero.js
2024-10-04 10:52:08.650 [main] DEBUG files.Ficheros - Nombre: archivoRenombrado, tamaño: 0, directorio padre: C:\Users\EQUIPO\Desktop\HLC\practica-1, ruta absoluta: C:\Users\EQUIPO\Desktop\HLC\practica-1\archivoRenombrado, ruta relativa: C:\Users\EQUIPO\Desktop\HLC\practica-1\archivoRenombrado
2024-10-04 10:52:08.651 [main] DEBUG files.Ficheros - Nombre: fichero2.txt, tamaño: 0, directorio padre: C:\Users\EQUIPO\Desktop\HLC\practica-1, ruta absoluta: C:\Users\EQUIPO\Desktop\HLC\practica-1\fichero2.txt, ruta relativa: C:\Users\EQUIPO\Desktop\HLC\practica-1\fichero2.txt
2024-10-04 10:52:08.651 [main] DEBUG files.Ficheros - Nombre: miDirectorio, tamaño: 0, directorio padre: C:\Users\EQUIPO\Desktop\HLC\practica-1, ruta absoluta: C:\Users\EQUIPO\Desktop\HLC\practica-1\miDirectorio, ruta relativa: C:\Users\EQUIPO\Desktop\HLC\practica-1\miDirectorio
2024-10-04 10:52:08.651 [main] DEBUG files.Ficheros - Numero de archivos: 6
2024-10-04 10:52:08.651 [main] DEBUG files.Ficheros - Numero de archivos: 6
2024-10-04 10:52:08.652 [main] DEBUG files.Ficheros - Numero de archivos: 7
2024-10-04 10:52:08.652 [main] DEBUG files.Ficheros - Nombre: fichero2.txt, permiso de lectura: true, permiso de escritura: false, permiso de ejecución: true
2024-10-04 10:52:08.652 [main] DEBUG files.Ficheros - Nombre del archivo cambiado a archivoRenombrado
2024-10-04 10:52:08.652 [main] DEBUG files.Ficheros - El fichero fichero2.txt ha sido borrado correctamente.
2024-10-04 10:52:40.066 [main] DEBUG files.Ficheros - Nombre: AdivinaNumero.css, tamaño: 1915, directorio padre: C:\Users\EQUIPO\Desktop\HLC\practica-1, ruta absoluta: C:\Users\EQUIPO\Desktop\HLC\practica-1\AdivinaNumero.css, ruta relativa: C:\Users\EQUIPO\Desktop\HLC\practica-1\AdivinaNumero.css
2024-10-04 10:52:40.067 [main] DEBUG files.Ficheros - Nombre: AdivinaNumero.html, tamaño: 723, directorio padre: C:\Users\EQUIPO\Desktop\HLC\practica-1, ruta absoluta: C:\Users\EQUIPO\Desktop\HLC\practica-1\AdivinaNumero.html, ruta relativa: C:\Users\EQUIPO\Desktop\HLC\practica-1\AdivinaNumero.html
2024-10-04 10:52:40.068 [main] DEBUG files.Ficheros - Nombre: AdivinaNumero.js, tamaño: 2853, directorio padre: C:\Users\EQUIPO\Desktop\HLC\practica-1, ruta absoluta: C:\Users\EQUIPO\Desktop\HLC\practica-1\AdivinaNumero.js, ruta relativa: C:\Users\EQUIPO\Desktop\HLC\practica-1\AdivinaNumero.js
2024-10-04 10:52:40.068 [main] DEBUG files.Ficheros - Nombre: archivoRenombrado, tamaño: 0, directorio padre: C:\Users\EQUIPO\Desktop\HLC\practica-1, ruta absoluta: C:\Users\EQUIPO\Desktop\HLC\practica-1\archivoRenombrado, ruta relativa: C:\Users\EQUIPO\Desktop\HLC\practica-1\archivoRenombrado
2024-10-04 10:52:40.068 [main] DEBUG files.Ficheros - Nombre: fichero.txt, tamaño: 0, directorio padre: C:\Users\EQUIPO\Desktop\HLC\practica-1, ruta absoluta: C:\Users\EQUIPO\Desktop\HLC\practica-1\fichero.txt, ruta relativa: C:\Users\EQUIPO\Desktop\HLC\practica-1\fichero.txt
2024-10-04 10:52:40.068 [main] DEBUG files.Ficheros - Nombre: miDirectorio, tamaño: 0, directorio padre: C:\Users\EQUIPO\Desktop\HLC\practica-1, ruta absoluta: C:\Users\EQUIPO\Desktop\HLC\practica-1\miDirectorio, ruta relativa: C:\Users\EQUIPO\Desktop\HLC\practica-1\miDirectorio
2024-10-04 10:52:40.068 [main] DEBUG files.Ficheros - Numero de archivos: 6
2024-10-04 10:52:40.069 [main] DEBUG files.Ficheros - Numero de archivos: 6
2024-10-04 10:52:40.069 [main] DEBUG files.Ficheros - Numero de archivos: 7
2024-10-04 10:52:40.069 [main] DEBUG files.Ficheros - Nombre: fichero2.txt, permiso de lectura: true, permiso de escritura: true, permiso de ejecución: true
2024-10-04 10:52:40.069 [main] DEBUG files.Ficheros - Nombre del archivo cambiado a archivoRenombrado
2024-10-04 10:52:40.070 [main] DEBUG files.Ficheros - El fichero fichero.txt ha sido borrado correctamente.
2024-10-04 10:53:31.998 [main] DEBUG files.Ficheros - Nombre: AdivinaNumero.css, tamaño: 1915, directorio padre: C:\Users\EQUIPO\Desktop\HLC\practica-1, ruta absoluta: C:\Users\EQUIPO\Desktop\HLC\practica-1\AdivinaNumero.css, ruta relativa: C:\Users\EQUIPO\Desktop\HLC\practica-1\AdivinaNumero.css
2024-10-04 10:53:32.000 [main] DEBUG files.Ficheros - Nombre: AdivinaNumero.html, tamaño: 723, directorio padre: C:\Users\EQUIPO\Desktop\HLC\practica-1, ruta absoluta: C:\Users\EQUIPO\Desktop\HLC\practica-1\AdivinaNumero.html, ruta relativa: C:\Users\EQUIPO\Desktop\HLC\practica-1\AdivinaNumero.html
2024-10-04 10:53:32.000 [main] DEBUG files.Ficheros - Nombre: AdivinaNumero.js, tamaño: 2853, directorio padre: C:\Users\EQUIPO\Desktop\HLC\practica-1, ruta absoluta: C:\Users\EQUIPO\Desktop\HLC\practica-1\AdivinaNumero.js, ruta relativa: C:\Users\EQUIPO\Desktop\HLC\practica-1\AdivinaNumero.js
2024-10-04 10:53:32.000 [main] DEBUG files.Ficheros - Nombre: archivoRenombrado, tamaño: 0, directorio padre: C:\Users\EQUIPO\Desktop\HLC\practica-1, ruta absoluta: C:\Users\EQUIPO\Desktop\HLC\practica-1\archivoRenombrado, ruta relativa: C:\Users\EQUIPO\Desktop\HLC\practica-1\archivoRenombrado
2024-10-04 10:53:32.000 [main] DEBUG files.Ficheros - Nombre: fichero2.txt, tamaño: 0, directorio padre: C:\Users\EQUIPO\Desktop\HLC\practica-1, ruta absoluta: C:\Users\EQUIPO\Desktop\HLC\practica-1\fichero2.txt, ruta relativa: C:\Users\EQUIPO\Desktop\HLC\practica-1\fichero2.txt
2024-10-04 10:53:32.001 [main] DEBUG files.Ficheros - Nombre: miDirectorio, tamaño: 0, directorio padre: C:\Users\EQUIPO\Desktop\HLC\practica-1, ruta absoluta: C:\Users\EQUIPO\Desktop\HLC\practica-1\miDirectorio, ruta relativa: C:\Users\EQUIPO\Desktop\HLC\practica-1\miDirectorio
2024-10-04 10:53:32.001 [main] DEBUG files.Ficheros - Numero de archivos: 6
2024-10-04 10:53:32.001 [main] DEBUG files.Ficheros - Numero de archivos: 6
2024-10-04 10:53:32.001 [main] DEBUG files.Ficheros - Numero de archivos: 7
2024-10-04 10:53:32.002 [main] DEBUG files.Ficheros - Nombre: fichero2.txt, permiso de lectura: true, permiso de escritura: true, permiso de ejecución: true
2024-10-04 10:53:32.002 [main] DEBUG files.Ficheros - Nombre del archivo cambiado a archivoRenombrado
2024-10-04 10:53:32.002 [main] DEBUG files.Ficheros - El fichero fichero2.txt ha sido borrado correctamente.
2024-10-04 11:42:15.548 [main] DEBUG files.Ficheros - Nombre: AdivinaNumero.css, tamaño: 1915, directorio padre: C:\Users\EQUIPO\Desktop\HLC\practica-1, ruta absoluta: C:\Users\EQUIPO\Desktop\HLC\practica-1\AdivinaNumero.css, ruta relativa: C:\Users\EQUIPO\Desktop\HLC\practica-1\AdivinaNumero.css
2024-10-04 11:42:15.550 [main] DEBUG files.Ficheros - Nombre: AdivinaNumero.html, tamaño: 723, directorio padre: C:\Users\EQUIPO\Desktop\HLC\practica-1, ruta absoluta: C:\Users\EQUIPO\Desktop\HLC\practica-1\AdivinaNumero.html, ruta relativa: C:\Users\EQUIPO\Desktop\HLC\practica-1\AdivinaNumero.html
2024-10-04 11:42:15.550 [main] DEBUG files.Ficheros - Nombre: AdivinaNumero.js, tamaño: 2853, directorio padre: C:\Users\EQUIPO\Desktop\HLC\practica-1, ruta absoluta: C:\Users\EQUIPO\Desktop\HLC\practica-1\AdivinaNumero.js, ruta relativa: C:\Users\EQUIPO\Desktop\HLC\practica-1\AdivinaNumero.js
2024-10-04 11:42:15.550 [main] DEBUG files.Ficheros - Nombre: miDirectorio, tamaño: 0, directorio padre: C:\Users\EQUIPO\Desktop\HLC\practica-1, ruta absoluta: C:\Users\EQUIPO\Desktop\HLC\practica-1\miDirectorio, ruta relativa: C:\Users\EQUIPO\Desktop\HLC\practica-1\miDirectorio
2024-10-04 11:42:15.551 [main] DEBUG files.Ficheros - Numero de archivos: 4
2024-10-04 11:42:15.551 [main] DEBUG files.Ficheros - Numero de archivos: 4
2024-10-04 11:42:15.551 [main] DEBUG files.Ficheros - Numero de archivos: 6
2024-10-04 11:42:15.553 [main] DEBUG files.Ficheros - Nombre: fichero2.txt, permiso de lectura: true, permiso de escritura: true, permiso de ejecución: true
2024-10-04 11:42:15.553 [main] DEBUG files.Ficheros - Nombre del archivo cambiado a archivoRenombrado
2024-10-04 11:42:15.553 [main] DEBUG files.Ficheros - El fichero fichero2.txt ha sido borrado correctamente.
2024-10-04 11:43:19.995 [main] DEBUG files.Ficheros - Nombre: AdivinaNumero.css, tamaño: 1915, directorio padre: C:\Users\EQUIPO\Desktop\HLC\practica-1, ruta absoluta: C:\Users\EQUIPO\Desktop\HLC\practica-1\AdivinaNumero.css, ruta relativa: C:\Users\EQUIPO\Desktop\HLC\practica-1\AdivinaNumero.css
2024-10-04 11:43:19.997 [main] DEBUG files.Ficheros - Nombre: AdivinaNumero.html, tamaño: 723, directorio padre: C:\Users\EQUIPO\Desktop\HLC\practica-1, ruta absoluta: C:\Users\EQUIPO\Desktop\HLC\practica-1\AdivinaNumero.html, ruta relativa: C:\Users\EQUIPO\Desktop\HLC\practica-1\AdivinaNumero.html
2024-10-04 11:43:19.997 [main] DEBUG files.Ficheros - Nombre: AdivinaNumero.js, tamaño: 2853, directorio padre: C:\Users\EQUIPO\Desktop\HLC\practica-1, ruta absoluta: C:\Users\EQUIPO\Desktop\HLC\practica-1\AdivinaNumero.js, ruta relativa: C:\Users\EQUIPO\Desktop\HLC\practica-1\AdivinaNumero.js
2024-10-04 11:43:19.997 [main] DEBUG files.Ficheros - Nombre: archivoRenombrado, tamaño: 0, directorio padre: C:\Users\EQUIPO\Desktop\HLC\practica-1, ruta absoluta: C:\Users\EQUIPO\Desktop\HLC\practica-1\archivoRenombrado, ruta relativa: C:\Users\EQUIPO\Desktop\HLC\practica-1\archivoRenombrado
2024-10-04 11:43:19.997 [main] DEBUG files.Ficheros - Nombre: miDirectorio, tamaño: 0, directorio padre: C:\Users\EQUIPO\Desktop\HLC\practica-1, ruta absoluta: C:\Users\EQUIPO\Desktop\HLC\practica-1\miDirectorio, ruta relativa: C:\Users\EQUIPO\Desktop\HLC\practica-1\miDirectorio
2024-10-04 11:43:19.998 [main] DEBUG files.Ficheros - Numero de archivos: 5
2024-10-04 11:43:19.998 [main] DEBUG files.Ficheros - Numero de archivos: 5
2024-10-04 11:43:19.998 [main] DEBUG files.Ficheros - Numero de archivos: 7
2024-10-04 11:43:20.000 [main] DEBUG files.Ficheros - Nombre: fichero2.txt, permiso de lectura: true, permiso de escritura: true, permiso de ejecución: true
2024-10-04 11:43:20.000 [main] DEBUG files.Ficheros - Nombre del archivo cambiado a archivoRenombrado
2024-10-04 11:43:20.000 [main] DEBUG files.Ficheros - El fichero archivoRenombrado ha sido borrado correctamente.
2024-10-04 11:49:03.295 [main] DEBUG files.Ficheros - Nombre: AdivinaNumero.css, tamaño: 1915, directorio padre: C:\Users\EQUIPO\Desktop\HLC\practica-1, ruta absoluta: C:\Users\EQUIPO\Desktop\HLC\practica-1\AdivinaNumero.css, ruta relativa: C:\Users\EQUIPO\Desktop\HLC\practica-1\AdivinaNumero.css
2024-10-04 11:49:03.298 [main] DEBUG files.Ficheros - Nombre: AdivinaNumero.html, tamaño: 723, directorio padre: C:\Users\EQUIPO\Desktop\HLC\practica-1, ruta absoluta: C:\Users\EQUIPO\Desktop\HLC\practica-1\AdivinaNumero.html, ruta relativa: C:\Users\EQUIPO\Desktop\HLC\practica-1\AdivinaNumero.html
2024-10-04 11:49:03.298 [main] DEBUG files.Ficheros - Nombre: AdivinaNumero.js, tamaño: 2853, directorio padre: C:\Users\EQUIPO\Desktop\HLC\practica-1, ruta absoluta: C:\Users\EQUIPO\Desktop\HLC\practica-1\AdivinaNumero.js, ruta relativa: C:\Users\EQUIPO\Desktop\HLC\practica-1\AdivinaNumero.js
2024-10-04 11:49:03.298 [main] DEBUG files.Ficheros - Nombre: fichero.txt, tamaño: 0, directorio padre: C:\Users\EQUIPO\Desktop\HLC\practica-1, ruta absoluta: C:\Users\EQUIPO\Desktop\HLC\practica-1\fichero.txt, ruta relativa: C:\Users\EQUIPO\Desktop\HLC\practica-1\fichero.txt
2024-10-04 11:49:03.298 [main] DEBUG files.Ficheros - Nombre: fichero2.txt, tamaño: 0, directorio padre: C:\Users\EQUIPO\Desktop\HLC\practica-1, ruta absoluta: C:\Users\EQUIPO\Desktop\HLC\practica-1\fichero2.txt, ruta relativa: C:\Users\EQUIPO\Desktop\HLC\practica-1\fichero2.txt
2024-10-04 11:49:03.298 [main] DEBUG files.Ficheros - Nombre: miDirectorio, tamaño: 0, directorio padre: C:\Users\EQUIPO\Desktop\HLC\practica-1, ruta absoluta: C:\Users\EQUIPO\Desktop\HLC\practica-1\miDirectorio, ruta relativa: C:\Users\EQUIPO\Desktop\HLC\practica-1\miDirectorio
2024-10-04 11:49:03.298 [main] DEBUG files.Ficheros - Numero de archivos: 6
2024-10-04 11:49:03.299 [main] DEBUG files.Ficheros - Numero de archivos: 6
2024-10-04 11:49:03.299 [main] DEBUG files.Ficheros - Numero de archivos: 6
2024-10-04 11:49:03.299 [main] DEBUG files.Ficheros - Nombre: fichero2.txt, permiso de lectura: true, permiso de escritura: true, permiso de ejecución: true
2024-10-04 11:49:03.300 [main] DEBUG files.Ficheros - Nombre del archivo cambiado a archivoRenombrado
2024-10-04 11:49:03.300 [main] DEBUG files.Ficheros - El fichero archivoRenombrado ha sido borrado correctamente.
2024-10-04 12:10:52.565 [main] DEBUG files.Ficheros - Nombre: AdivinaNumero.css, tamaño: 1915, directorio padre: C:\Users\EQUIPO\Desktop\HLC\practica-1, ruta absoluta: C:\Users\EQUIPO\Desktop\HLC\practica-1\AdivinaNumero.css, ruta relativa: C:\Users\EQUIPO\Desktop\HLC\practica-1\AdivinaNumero.css
2024-10-04 12:10:52.567 [main] DEBUG files.Ficheros - Nombre: AdivinaNumero.html, tamaño: 723, directorio padre: C:\Users\EQUIPO\Desktop\HLC\practica-1, ruta absoluta: C:\Users\EQUIPO\Desktop\HLC\practica-1\AdivinaNumero.html, ruta relativa: C:\Users\EQUIPO\Desktop\HLC\practica-1\AdivinaNumero.html
2024-10-04 12:10:52.567 [main] DEBUG files.Ficheros - Nombre: AdivinaNumero.js, tamaño: 2853, directorio padre: C:\Users\EQUIPO\Desktop\HLC\practica-1, ruta absoluta: C:\Users\EQUIPO\Desktop\HLC\practica-1\AdivinaNumero.js, ruta relativa: C:\Users\EQUIPO\Desktop\HLC\practica-1\AdivinaNumero.js
2024-10-04 12:10:52.567 [main] DEBUG files.Ficheros - Nombre: fichero2.txt, tamaño: 0, directorio padre: C:\Users\EQUIPO\Desktop\HLC\practica-1, ruta absoluta: C:\Users\EQUIPO\Desktop\HLC\practica-1\fichero2.txt, ruta relativa: C:\Users\EQUIPO\Desktop\HLC\practica-1\fichero2.txt
2024-10-04 12:10:52.567 [main] DEBUG files.Ficheros - Nombre: miDirectorio, tamaño: 0, directorio padre: C:\Users\EQUIPO\Desktop\HLC\practica-1, ruta absoluta: C:\Users\EQUIPO\Desktop\HLC\practica-1\miDirectorio, ruta relativa: C:\Users\EQUIPO\Desktop\HLC\practica-1\miDirectorio
2024-10-04 12:10:52.568 [main] DEBUG files.Ficheros - Numero de archivos: 5
2024-10-04 12:10:52.568 [main] DEBUG files.Ficheros - Numero de archivos: 5
2024-10-04 12:10:52.568 [main] DEBUG files.Ficheros - Numero de archivos: 6
2024-10-04 12:10:52.568 [main] DEBUG files.Ficheros - Nombre: fichero2.txt, permiso de lectura: true, permiso de escritura: true, permiso de ejecución: true
2024-10-04 12:10:52.569 [main] DEBUG files.Ficheros - Nombre del archivo cambiado a archivoRenombrado
2024-10-04 12:10:52.569 [main] DEBUG files.Ficheros - El fichero fichero2.txt ha sido borrado correctamente.
2024-10-04 12:10:52.569 [main] DEBUG files.Ficheros - Directorio C:\Users\EQUIPO\Desktop\HLC\practica-1
2024-10-04 12:10:52.569 [main] DEBUG files.Ficheros - Fichero: C:\Users\EQUIPO\Desktop\HLC\practica-1\AdivinaNumero.css
2024-10-04 12:10:52.570 [main] DEBUG files.Ficheros - Fichero: C:\Users\EQUIPO\Desktop\HLC\practica-1\AdivinaNumero.html
2024-10-04 12:10:52.570 [main] DEBUG files.Ficheros - Fichero: C:\Users\EQUIPO\Desktop\HLC\practica-1\AdivinaNumero.js
2024-10-04 12:10:52.570 [main] DEBUG files.Ficheros - Fichero: C:\Users\EQUIPO\Desktop\HLC\practica-1\archivoRenombrado
2024-10-04 12:10:52.570 [main] DEBUG files.Ficheros - Directorio C:\Users\EQUIPO\Desktop\HLC\practica-1\miDirectorio
2024-10-04 12:11:57.178 [main] DEBUG files.Ficheros - Nombre: AdivinaNumero.css, tamaño: 1915, directorio padre: C:\Users\EQUIPO\Desktop\HLC\practica-1, ruta absoluta: C:\Users\EQUIPO\Desktop\HLC\practica-1\AdivinaNumero.css, ruta relativa: C:\Users\EQUIPO\Desktop\HLC\practica-1\AdivinaNumero.css
2024-10-04 12:11:57.181 [main] DEBUG files.Ficheros - Nombre: AdivinaNumero.html, tamaño: 723, directorio padre: C:\Users\EQUIPO\Desktop\HLC\practica-1, ruta absoluta: C:\Users\EQUIPO\Desktop\HLC\practica-1\AdivinaNumero.html, ruta relativa: C:\Users\EQUIPO\Desktop\HLC\practica-1\AdivinaNumero.html
2024-10-04 12:11:57.181 [main] DEBUG files.Ficheros - Nombre: AdivinaNumero.js, tamaño: 2853, directorio padre: C:\Users\EQUIPO\Desktop\HLC\practica-1, ruta absoluta: C:\Users\EQUIPO\Desktop\HLC\practica-1\AdivinaNumero.js, ruta relativa: C:\Users\EQUIPO\Desktop\HLC\practica-1\AdivinaNumero.js
2024-10-04 12:11:57.181 [main] DEBUG files.Ficheros - Nombre: archivoRenombrado, tamaño: 0, directorio padre: C:\Users\EQUIPO\Desktop\HLC\practica-1, ruta absoluta: C:\Users\EQUIPO\Desktop\HLC\practica-1\archivoRenombrado, ruta relativa: C:\Users\EQUIPO\Desktop\HLC\practica-1\archivoRenombrado
2024-10-04 12:11:57.181 [main] DEBUG files.Ficheros - Nombre: miDirectorio, tamaño: 0, directorio padre: C:\Users\EQUIPO\Desktop\HLC\practica-1, ruta absoluta: C:\Users\EQUIPO\Desktop\HLC\practica-1\miDirectorio, ruta relativa: C:\Users\EQUIPO\Desktop\HLC\practica-1\miDirectorio
2024-10-04 12:11:57.181 [main] DEBUG files.Ficheros - Numero de archivos: 5
2024-10-04 12:11:57.182 [main] DEBUG files.Ficheros - Numero de archivos: 5
2024-10-04 12:11:57.182 [main] DEBUG files.Ficheros - Numero de archivos: 7
2024-10-04 12:11:57.182 [main] DEBUG files.Ficheros - Nombre: fichero2.txt, permiso de lectura: true, permiso de escritura: true, permiso de ejecución: true
2024-10-04 12:11:57.183 [main] DEBUG files.Ficheros - Nombre del archivo cambiado a archivoRenombrado
2024-10-04 12:11:57.183 [main] DEBUG files.Ficheros - El fichero fichero2.txt ha sido borrado correctamente.
2024-10-04 12:11:57.183 [main] DEBUG files.Ficheros - Directorio C:\Users\EQUIPO\Desktop\HLC\practica-1
2024-10-04 12:11:57.183 [main] DEBUG files.Ficheros - Fichero: C:\Users\EQUIPO\Desktop\HLC\practica-1\AdivinaNumero.css
2024-10-04 12:11:57.183 [main] DEBUG files.Ficheros - Fichero: C:\Users\EQUIPO\Desktop\HLC\practica-1\AdivinaNumero.html
2024-10-04 12:11:57.184 [main] DEBUG files.Ficheros - Fichero: C:\Users\EQUIPO\Desktop\HLC\practica-1\AdivinaNumero.js
2024-10-04 12:11:57.184 [main] DEBUG files.Ficheros - Fichero: C:\Users\EQUIPO\Desktop\HLC\practica-1\archivoRenombrado
2024-10-04 12:11:57.184 [main] DEBUG files.Ficheros - Fichero: C:\Users\EQUIPO\Desktop\HLC\practica-1\fichero.txt
2024-10-04 12:11:57.184 [main] DEBUG files.Ficheros - Directorio C:\Users\EQUIPO\Desktop\HLC\practica-1\miDirectorio
2024-10-04 12:11:57.184 [main] DEBUG files.Ficheros - Fichero: C:\Users\EQUIPO\Desktop\HLC\practica-1\miDirectorio\hola.txt.txt
