2024-11-09 13:32:41.640 [main] DEBUG Utilidades.UtilesPeliculas - Título: Gran Torino
2024-11-09 13:32:41.642 [main] DEBUG Utilidades.UtilesPeliculas - Año: 1999
2024-11-09 13:32:41.642 [main] DEBUG Utilidades.UtilesPeliculas - Director: Wachowski Brothers
2024-11-09 13:32:41.642 [main] DEBUG Utilidades.UtilesPeliculas - Actores: 
2024-11-09 13:32:41.642 [main] DEBUG Utilidades.UtilesPeliculas -  - Clint Eastwood
2024-11-09 13:32:41.642 [main] DEBUG Utilidades.UtilesPeliculas -  - Geraldine Hughes
2024-11-09 13:32:41.642 [main] DEBUG Utilidades.UtilesPeliculas -  - John Carroll Lynch
2024-11-09 13:32:41.642 [main] DEBUG Utilidades.UtilesPeliculas - ---------------------------
2024-11-09 13:32:41.642 [main] DEBUG Utilidades.UtilesPeliculas - Título: The Matrix
2024-11-09 13:32:41.642 [main] DEBUG Utilidades.UtilesPeliculas - Año: 1999
2024-11-09 13:32:41.643 [main] DEBUG Utilidades.UtilesPeliculas - Director: Wachowski Brothers
2024-11-09 13:32:41.643 [main] DEBUG Utilidades.UtilesPeliculas - Actores: 
2024-11-09 13:32:41.643 [main] DEBUG Utilidades.UtilesPeliculas -  - Keanu Reeves
2024-11-09 13:32:41.643 [main] DEBUG Utilidades.UtilesPeliculas -  - Laurence Fishburne
2024-11-09 13:32:41.643 [main] DEBUG Utilidades.UtilesPeliculas -  - Carrie Ann Moss
2024-11-09 13:32:41.643 [main] DEBUG Utilidades.UtilesPeliculas - ---------------------------
2024-11-09 13:32:41.643 [main] DEBUG Utilidades.UtilesPeliculas - Título: Titanic
2024-11-09 13:32:41.643 [main] DEBUG Utilidades.UtilesPeliculas - Año: 1999
2024-11-09 13:32:41.643 [main] DEBUG Utilidades.UtilesPeliculas - Director: James Cameron
2024-11-09 13:32:41.643 [main] DEBUG Utilidades.UtilesPeliculas - Actores: 
2024-11-09 13:32:41.643 [main] DEBUG Utilidades.UtilesPeliculas -  - Leonardo DiCaprio
2024-11-09 13:32:41.644 [main] DEBUG Utilidades.UtilesPeliculas -  - Kate Winslet
2024-11-09 13:32:41.644 [main] DEBUG Utilidades.UtilesPeliculas - ---------------------------
2024-11-09 13:32:41.644 [main] DEBUG Utilidades.UtilesPeliculas - Título: The Sixth Sense
2024-11-09 13:32:41.644 [main] DEBUG Utilidades.UtilesPeliculas - Año: 1999
2024-11-09 13:32:41.644 [main] DEBUG Utilidades.UtilesPeliculas - Director: M. Night Shyamalan
2024-11-09 13:32:41.644 [main] DEBUG Utilidades.UtilesPeliculas - Actores: 
2024-11-09 13:32:41.644 [main] DEBUG Utilidades.UtilesPeliculas -  - Bruce Willis
2024-11-09 13:32:41.644 [main] DEBUG Utilidades.UtilesPeliculas -  - Haley Joel Osment
2024-11-09 13:32:41.644 [main] DEBUG Utilidades.UtilesPeliculas - ---------------------------
2024-11-09 13:32:41.645 [main] DEBUG Utilidades.UtilesPeliculas - Título: Tesis
2024-11-09 13:32:41.645 [main] DEBUG Utilidades.UtilesPeliculas - Año: 0
2024-11-09 13:32:41.645 [main] DEBUG Utilidades.UtilesPeliculas - Director: Amenabar
2024-11-09 13:32:41.645 [main] DEBUG Utilidades.UtilesPeliculas - Actores: 
2024-11-09 13:32:41.645 [main] DEBUG Utilidades.UtilesPeliculas -  - Ana Torrent
2024-11-09 13:32:41.645 [main] DEBUG Utilidades.UtilesPeliculas -  - Fele Martínez
2024-11-09 13:32:41.645 [main] DEBUG Utilidades.UtilesPeliculas - ---------------------------
2024-11-09 13:32:41.645 [main] DEBUG Utilidades.UtilesPeliculas - Título: Tesis
2024-11-09 13:32:41.645 [main] DEBUG Utilidades.UtilesPeliculas - Año: 0
2024-11-09 13:32:41.645 [main] DEBUG Utilidades.UtilesPeliculas - Director: Amenabar
2024-11-09 13:32:41.645 [main] DEBUG Utilidades.UtilesPeliculas - Actores: 
2024-11-09 13:32:41.646 [main] DEBUG Utilidades.UtilesPeliculas -  - Ana Torrent
2024-11-09 13:32:41.646 [main] DEBUG Utilidades.UtilesPeliculas -  - Fele Martínez
2024-11-09 13:32:41.646 [main] DEBUG Utilidades.UtilesPeliculas - ---------------------------
2024-11-09 13:32:41.646 [main] DEBUG Utilidades.UtilesPeliculas - Título: Tesis
2024-11-09 13:32:41.646 [main] DEBUG Utilidades.UtilesPeliculas - Año: 0
2024-11-09 13:32:41.646 [main] DEBUG Utilidades.UtilesPeliculas - Director: Amenabar
2024-11-09 13:32:41.646 [main] DEBUG Utilidades.UtilesPeliculas - Actores: 
2024-11-09 13:32:41.646 [main] DEBUG Utilidades.UtilesPeliculas -  - Ana Torrent
2024-11-09 13:32:41.646 [main] DEBUG Utilidades.UtilesPeliculas -  - Fele Martínez
2024-11-09 13:32:41.646 [main] DEBUG Utilidades.UtilesPeliculas - ---------------------------
