2024-11-07 17:47:53.754 [main] DEBUG Utilidades.UtilesPeliculas - Título: Gran Torino
2024-11-07 17:47:53.756 [main] DEBUG Utilidades.UtilesPeliculas - Año: 1999
2024-11-07 17:47:53.756 [main] DEBUG Utilidades.UtilesPeliculas - Director: Wachowski Brothers
2024-11-07 17:47:53.756 [main] DEBUG Utilidades.UtilesPeliculas - Actores: 
2024-11-07 17:47:53.757 [main] DEBUG Utilidades.UtilesPeliculas -  - Clint Eastwood
2024-11-07 17:47:53.757 [main] DEBUG Utilidades.UtilesPeliculas -  - Geraldine Hughes
2024-11-07 17:47:53.757 [main] DEBUG Utilidades.UtilesPeliculas -  - John Carroll Lynch
2024-11-07 17:47:53.757 [main] DEBUG Utilidades.UtilesPeliculas - ---------------------------
2024-11-07 17:47:53.757 [main] DEBUG Utilidades.UtilesPeliculas - Título: The Matrix
2024-11-07 17:47:53.757 [main] DEBUG Utilidades.UtilesPeliculas - Año: 1999
2024-11-07 17:47:53.757 [main] DEBUG Utilidades.UtilesPeliculas - Director: Wachowski Brothers
2024-11-07 17:47:53.757 [main] DEBUG Utilidades.UtilesPeliculas - Actores: 
2024-11-07 17:47:53.758 [main] DEBUG Utilidades.UtilesPeliculas -  - Keanu Reeves
2024-11-07 17:47:53.758 [main] DEBUG Utilidades.UtilesPeliculas -  - Laurence Fishburne
2024-11-07 17:47:53.758 [main] DEBUG Utilidades.UtilesPeliculas -  - Carrie Ann Moss
2024-11-07 17:47:53.758 [main] DEBUG Utilidades.UtilesPeliculas - ---------------------------
2024-11-07 17:47:53.758 [main] DEBUG Utilidades.UtilesPeliculas - Título: Titanic
2024-11-07 17:47:53.758 [main] DEBUG Utilidades.UtilesPeliculas - Año: 1999
2024-11-07 17:47:53.758 [main] DEBUG Utilidades.UtilesPeliculas - Director: James Cameron
2024-11-07 17:47:53.758 [main] DEBUG Utilidades.UtilesPeliculas - Actores: 
2024-11-07 17:47:53.758 [main] DEBUG Utilidades.UtilesPeliculas -  - Leonardo DiCaprio
2024-11-07 17:47:53.759 [main] DEBUG Utilidades.UtilesPeliculas -  - Kate Winslet
2024-11-07 17:47:53.759 [main] DEBUG Utilidades.UtilesPeliculas - ---------------------------
2024-11-07 17:47:53.759 [main] DEBUG Utilidades.UtilesPeliculas - Título: The Sixth Sense
2024-11-07 17:47:53.759 [main] DEBUG Utilidades.UtilesPeliculas - Año: 1999
2024-11-07 17:47:53.759 [main] DEBUG Utilidades.UtilesPeliculas - Director: M. Night Shyamalan
2024-11-07 17:47:53.759 [main] DEBUG Utilidades.UtilesPeliculas - Actores: 
2024-11-07 17:47:53.759 [main] DEBUG Utilidades.UtilesPeliculas -  - Bruce Willis
2024-11-07 17:47:53.759 [main] DEBUG Utilidades.UtilesPeliculas -  - Haley Joel Osment
2024-11-07 17:47:53.759 [main] DEBUG Utilidades.UtilesPeliculas - ---------------------------
2024-11-07 17:47:53.759 [main] DEBUG Utilidades.UtilesPeliculas - Título: Tesis
2024-11-07 17:47:53.759 [main] DEBUG Utilidades.UtilesPeliculas - Año: 0
2024-11-07 17:47:53.760 [main] DEBUG Utilidades.UtilesPeliculas - Director: Amenabar
2024-11-07 17:47:53.760 [main] DEBUG Utilidades.UtilesPeliculas - Actores: 
2024-11-07 17:47:53.760 [main] DEBUG Utilidades.UtilesPeliculas -  - Ana Torrent
2024-11-07 17:47:53.760 [main] DEBUG Utilidades.UtilesPeliculas -  - Fele Martínez
2024-11-07 17:47:53.760 [main] DEBUG Utilidades.UtilesPeliculas - ---------------------------
2024-11-07 17:47:53.760 [main] DEBUG Utilidades.UtilesPeliculas - Título: Tesis
2024-11-07 17:47:53.760 [main] DEBUG Utilidades.UtilesPeliculas - Año: 0
2024-11-07 17:47:53.760 [main] DEBUG Utilidades.UtilesPeliculas - Director: Amenabar
2024-11-07 17:47:53.760 [main] DEBUG Utilidades.UtilesPeliculas - Actores: 
2024-11-07 17:47:53.760 [main] DEBUG Utilidades.UtilesPeliculas -  - Ana Torrent
2024-11-07 17:47:53.760 [main] DEBUG Utilidades.UtilesPeliculas -  - Fele Martínez
2024-11-07 17:47:53.761 [main] DEBUG Utilidades.UtilesPeliculas - ---------------------------
2024-11-07 17:47:53.761 [main] DEBUG Utilidades.UtilesPeliculas - Título: Tesis
2024-11-07 17:47:53.761 [main] DEBUG Utilidades.UtilesPeliculas - Año: 0
2024-11-07 17:47:53.761 [main] DEBUG Utilidades.UtilesPeliculas - Director: Amenabar
2024-11-07 17:47:53.761 [main] DEBUG Utilidades.UtilesPeliculas - Actores: 
2024-11-07 17:47:53.761 [main] DEBUG Utilidades.UtilesPeliculas -  - Ana Torrent
2024-11-07 17:47:53.761 [main] DEBUG Utilidades.UtilesPeliculas -  - Fele Martínez
2024-11-07 17:47:53.761 [main] DEBUG Utilidades.UtilesPeliculas - ---------------------------
2024-11-07 17:48:53.514 [main] DEBUG Utilidades.UtilesPeliculas - Título: Gran Torino
2024-11-07 17:48:53.516 [main] DEBUG Utilidades.UtilesPeliculas - Año: 1999
2024-11-07 17:48:53.517 [main] DEBUG Utilidades.UtilesPeliculas - Director: Wachowski Brothers
2024-11-07 17:48:53.517 [main] DEBUG Utilidades.UtilesPeliculas - Actores: 
2024-11-07 17:48:53.517 [main] DEBUG Utilidades.UtilesPeliculas -  - Clint Eastwood
2024-11-07 17:48:53.517 [main] DEBUG Utilidades.UtilesPeliculas -  - Geraldine Hughes
2024-11-07 17:48:53.517 [main] DEBUG Utilidades.UtilesPeliculas -  - John Carroll Lynch
2024-11-07 17:48:53.517 [main] DEBUG Utilidades.UtilesPeliculas - ---------------------------
2024-11-07 17:48:53.517 [main] DEBUG Utilidades.UtilesPeliculas - Título: The Matrix
2024-11-07 17:48:53.517 [main] DEBUG Utilidades.UtilesPeliculas - Año: 1999
2024-11-07 17:48:53.518 [main] DEBUG Utilidades.UtilesPeliculas - Director: Wachowski Brothers
2024-11-07 17:48:53.518 [main] DEBUG Utilidades.UtilesPeliculas - Actores: 
2024-11-07 17:48:53.518 [main] DEBUG Utilidades.UtilesPeliculas -  - Keanu Reeves
2024-11-07 17:48:53.518 [main] DEBUG Utilidades.UtilesPeliculas -  - Laurence Fishburne
2024-11-07 17:48:53.518 [main] DEBUG Utilidades.UtilesPeliculas -  - Carrie Ann Moss
2024-11-07 17:48:53.518 [main] DEBUG Utilidades.UtilesPeliculas - ---------------------------
2024-11-07 17:48:53.518 [main] DEBUG Utilidades.UtilesPeliculas - Título: Titanic
2024-11-07 17:48:53.518 [main] DEBUG Utilidades.UtilesPeliculas - Año: 1999
2024-11-07 17:48:53.518 [main] DEBUG Utilidades.UtilesPeliculas - Director: James Cameron
2024-11-07 17:48:53.519 [main] DEBUG Utilidades.UtilesPeliculas - Actores: 
2024-11-07 17:48:53.519 [main] DEBUG Utilidades.UtilesPeliculas -  - Leonardo DiCaprio
2024-11-07 17:48:53.519 [main] DEBUG Utilidades.UtilesPeliculas -  - Kate Winslet
2024-11-07 17:48:53.519 [main] DEBUG Utilidades.UtilesPeliculas - ---------------------------
2024-11-07 17:48:53.519 [main] DEBUG Utilidades.UtilesPeliculas - Título: The Sixth Sense
2024-11-07 17:48:53.519 [main] DEBUG Utilidades.UtilesPeliculas - Año: 1999
2024-11-07 17:48:53.519 [main] DEBUG Utilidades.UtilesPeliculas - Director: M. Night Shyamalan
2024-11-07 17:48:53.519 [main] DEBUG Utilidades.UtilesPeliculas - Actores: 
2024-11-07 17:48:53.519 [main] DEBUG Utilidades.UtilesPeliculas -  - Bruce Willis
2024-11-07 17:48:53.519 [main] DEBUG Utilidades.UtilesPeliculas -  - Haley Joel Osment
2024-11-07 17:48:53.520 [main] DEBUG Utilidades.UtilesPeliculas - ---------------------------
2024-11-07 17:48:53.520 [main] DEBUG Utilidades.UtilesPeliculas - Título: Tesis
2024-11-07 17:48:53.520 [main] DEBUG Utilidades.UtilesPeliculas - Año: 0
2024-11-07 17:48:53.520 [main] DEBUG Utilidades.UtilesPeliculas - Director: Amenabar
2024-11-07 17:48:53.520 [main] DEBUG Utilidades.UtilesPeliculas - Actores: 
2024-11-07 17:48:53.520 [main] DEBUG Utilidades.UtilesPeliculas -  - Ana Torrent
2024-11-07 17:48:53.520 [main] DEBUG Utilidades.UtilesPeliculas -  - Fele Martínez
2024-11-07 17:48:53.520 [main] DEBUG Utilidades.UtilesPeliculas - ---------------------------
2024-11-07 17:48:53.520 [main] DEBUG Utilidades.UtilesPeliculas - Título: Tesis
2024-11-07 17:48:53.521 [main] DEBUG Utilidades.UtilesPeliculas - Año: 0
2024-11-07 17:48:53.521 [main] DEBUG Utilidades.UtilesPeliculas - Director: Amenabar
2024-11-07 17:48:53.521 [main] DEBUG Utilidades.UtilesPeliculas - Actores: 
2024-11-07 17:48:53.521 [main] DEBUG Utilidades.UtilesPeliculas -  - Ana Torrent
2024-11-07 17:48:53.521 [main] DEBUG Utilidades.UtilesPeliculas -  - Fele Martínez
2024-11-07 17:48:53.521 [main] DEBUG Utilidades.UtilesPeliculas - ---------------------------
2024-11-07 17:48:53.521 [main] DEBUG Utilidades.UtilesPeliculas - Título: Tesis
2024-11-07 17:48:53.521 [main] DEBUG Utilidades.UtilesPeliculas - Año: 0
2024-11-07 17:48:53.521 [main] DEBUG Utilidades.UtilesPeliculas - Director: Amenabar
2024-11-07 17:48:53.521 [main] DEBUG Utilidades.UtilesPeliculas - Actores: 
2024-11-07 17:48:53.521 [main] DEBUG Utilidades.UtilesPeliculas -  - Ana Torrent
2024-11-07 17:48:53.522 [main] DEBUG Utilidades.UtilesPeliculas -  - Fele Martínez
2024-11-07 17:48:53.522 [main] DEBUG Utilidades.UtilesPeliculas - ---------------------------
2024-11-07 19:25:46.593 [main] DEBUG Utilidades.UtilesPeliculas - Título: Gran Torino
2024-11-07 19:25:46.595 [main] DEBUG Utilidades.UtilesPeliculas - Año: 1999
2024-11-07 19:25:46.595 [main] DEBUG Utilidades.UtilesPeliculas - Director: Wachowski Brothers
2024-11-07 19:25:46.595 [main] DEBUG Utilidades.UtilesPeliculas - Actores: 
2024-11-07 19:25:46.595 [main] DEBUG Utilidades.UtilesPeliculas -  - Clint Eastwood
2024-11-07 19:25:46.595 [main] DEBUG Utilidades.UtilesPeliculas -  - Geraldine Hughes
2024-11-07 19:25:46.595 [main] DEBUG Utilidades.UtilesPeliculas -  - John Carroll Lynch
2024-11-07 19:25:46.595 [main] DEBUG Utilidades.UtilesPeliculas - ---------------------------
2024-11-07 19:25:46.596 [main] DEBUG Utilidades.UtilesPeliculas - Título: The Matrix
2024-11-07 19:25:46.596 [main] DEBUG Utilidades.UtilesPeliculas - Año: 1999
2024-11-07 19:25:46.596 [main] DEBUG Utilidades.UtilesPeliculas - Director: Wachowski Brothers
2024-11-07 19:25:46.596 [main] DEBUG Utilidades.UtilesPeliculas - Actores: 
2024-11-07 19:25:46.596 [main] DEBUG Utilidades.UtilesPeliculas -  - Keanu Reeves
2024-11-07 19:25:46.596 [main] DEBUG Utilidades.UtilesPeliculas -  - Laurence Fishburne
2024-11-07 19:25:46.596 [main] DEBUG Utilidades.UtilesPeliculas -  - Carrie Ann Moss
2024-11-07 19:25:46.598 [main] DEBUG Utilidades.UtilesPeliculas - ---------------------------
2024-11-07 19:25:46.598 [main] DEBUG Utilidades.UtilesPeliculas - Título: Titanic
2024-11-07 19:25:46.598 [main] DEBUG Utilidades.UtilesPeliculas - Año: 1999
2024-11-07 19:25:46.598 [main] DEBUG Utilidades.UtilesPeliculas - Director: James Cameron
2024-11-07 19:25:46.598 [main] DEBUG Utilidades.UtilesPeliculas - Actores: 
2024-11-07 19:25:46.598 [main] DEBUG Utilidades.UtilesPeliculas -  - Leonardo DiCaprio
2024-11-07 19:25:46.598 [main] DEBUG Utilidades.UtilesPeliculas -  - Kate Winslet
2024-11-07 19:25:46.598 [main] DEBUG Utilidades.UtilesPeliculas - ---------------------------
2024-11-07 19:25:46.598 [main] DEBUG Utilidades.UtilesPeliculas - Título: The Sixth Sense
2024-11-07 19:25:46.598 [main] DEBUG Utilidades.UtilesPeliculas - Año: 1999
2024-11-07 19:25:46.599 [main] DEBUG Utilidades.UtilesPeliculas - Director: M. Night Shyamalan
2024-11-07 19:25:46.599 [main] DEBUG Utilidades.UtilesPeliculas - Actores: 
2024-11-07 19:25:46.599 [main] DEBUG Utilidades.UtilesPeliculas -  - Bruce Willis
2024-11-07 19:25:46.599 [main] DEBUG Utilidades.UtilesPeliculas -  - Haley Joel Osment
2024-11-07 19:25:46.599 [main] DEBUG Utilidades.UtilesPeliculas - ---------------------------
2024-11-07 19:25:46.599 [main] DEBUG Utilidades.UtilesPeliculas - Título: Tesis
2024-11-07 19:25:46.599 [main] DEBUG Utilidades.UtilesPeliculas - Año: 0
2024-11-07 19:25:46.599 [main] DEBUG Utilidades.UtilesPeliculas - Director: Amenabar
2024-11-07 19:25:46.599 [main] DEBUG Utilidades.UtilesPeliculas - Actores: 
2024-11-07 19:25:46.599 [main] DEBUG Utilidades.UtilesPeliculas -  - Ana Torrent
2024-11-07 19:25:46.599 [main] DEBUG Utilidades.UtilesPeliculas -  - Fele Martínez
2024-11-07 19:25:46.599 [main] DEBUG Utilidades.UtilesPeliculas - ---------------------------
2024-11-07 19:25:46.600 [main] DEBUG Utilidades.UtilesPeliculas - Título: Tesis
2024-11-07 19:25:46.600 [main] DEBUG Utilidades.UtilesPeliculas - Año: 0
2024-11-07 19:25:46.600 [main] DEBUG Utilidades.UtilesPeliculas - Director: Amenabar
2024-11-07 19:25:46.600 [main] DEBUG Utilidades.UtilesPeliculas - Actores: 
2024-11-07 19:25:46.600 [main] DEBUG Utilidades.UtilesPeliculas -  - Ana Torrent
2024-11-07 19:25:46.600 [main] DEBUG Utilidades.UtilesPeliculas -  - Fele Martínez
2024-11-07 19:25:46.600 [main] DEBUG Utilidades.UtilesPeliculas - ---------------------------
2024-11-07 19:25:46.600 [main] DEBUG Utilidades.UtilesPeliculas - Título: Tesis
2024-11-07 19:25:46.600 [main] DEBUG Utilidades.UtilesPeliculas - Año: 0
2024-11-07 19:25:46.600 [main] DEBUG Utilidades.UtilesPeliculas - Director: Amenabar
2024-11-07 19:25:46.600 [main] DEBUG Utilidades.UtilesPeliculas - Actores: 
2024-11-07 19:25:46.600 [main] DEBUG Utilidades.UtilesPeliculas -  - Ana Torrent
2024-11-07 19:25:46.600 [main] DEBUG Utilidades.UtilesPeliculas -  - Fele Martínez
2024-11-07 19:25:46.600 [main] DEBUG Utilidades.UtilesPeliculas - ---------------------------
2024-11-07 19:25:59.953 [main] ERROR Utilidades.UtilesPeliculas - java.lang.NumberFormatException: For input string: " 3 "
2024-11-07 19:26:44.055 [main] ERROR Utilidades.UtilesPeliculas - java.lang.NumberFormatException: For input string: " 3 "
2024-11-07 19:27:19.235 [main] ERROR Utilidades.UtilidadesProductos - java.lang.NumberFormatException: For input string: " 3 "
